{"meta": {"format": 3, "version": "7.8.0", "timestamp": "2025-05-24T17:26:57.986469", "branch_coverage": false, "show_contexts": false}, "files": {"tco_app/__init__.py": {"executed_lines": [1], "summary": {"covered_lines": 0, "num_statements": 0, "percent_covered": 100.0, "percent_covered_display": "100.00", "missing_lines": 0, "excluded_lines": 0}, "missing_lines": [], "excluded_lines": [], "functions": {"": {"executed_lines": [1], "summary": {"covered_lines": 0, "num_statements": 0, "percent_covered": 100.0, "percent_covered_display": "100.00", "missing_lines": 0, "excluded_lines": 0}, "missing_lines": [], "excluded_lines": []}}, "classes": {"": {"executed_lines": [1], "summary": {"covered_lines": 0, "num_statements": 0, "percent_covered": 100.0, "percent_covered_display": "100.00", "missing_lines": 0, "excluded_lines": 0}, "missing_lines": [], "excluded_lines": []}}}, "tco_app/domain/__init__.py": {"executed_lines": [1, 10, 12, 19, 20], "summary": {"covered_lines": 5, "num_statements": 5, "percent_covered": 100.0, "percent_covered_display": "100.00", "missing_lines": 0, "excluded_lines": 0}, "missing_lines": [], "excluded_lines": [], "functions": {"": {"executed_lines": [1, 10, 12, 19, 20], "summary": {"covered_lines": 5, "num_statements": 5, "percent_covered": 100.0, "percent_covered_display": "100.00", "missing_lines": 0, "excluded_lines": 0}, "missing_lines": [], "excluded_lines": []}}, "classes": {"": {"executed_lines": [1, 10, 12, 19, 20], "summary": {"covered_lines": 5, "num_statements": 5, "percent_covered": 100.0, "percent_covered_display": "100.00", "missing_lines": 0, "excluded_lines": 0}, "missing_lines": [], "excluded_lines": []}}}, "tco_app/domain/energy.py": {"executed_lines": [1, 3, 4, 6, 7, 8, 15, 27, 36, 37, 40, 41, 42, 45, 68, 69, 72, 75, 82, 83, 87, 92, 93, 95, 99, 102, 103, 105, 106, 107, 114, 120, 129, 130, 132, 133, 134, 135, 136, 137, 141, 150, 158], "summary": {"covered_lines": 42, "num_statements": 57, "percent_covered": 73.6842105263158, "percent_covered_display": "73.68", "missing_lines": 15, "excluded_lines": 0}, "missing_lines": [38, 48, 49, 51, 52, 55, 58, 60, 61, 64, 65, 66, 121, 138, 139], "excluded_lines": [], "functions": {"calculate_energy_costs": {"executed_lines": [36, 37, 40, 41, 42, 45, 68, 69, 72], "summary": {"covered_lines": 9, "num_statements": 21, "percent_covered": 42.857142857142854, "percent_covered_display": "42.86", "missing_lines": 12, "excluded_lines": 0}, "missing_lines": [38, 48, 49, 51, 52, 55, 58, 60, 61, 64, 65, 66], "excluded_lines": []}, "calculate_emissions": {"executed_lines": [82, 83, 87, 92, 93, 95, 99, 102, 103, 105, 106, 107], "summary": {"covered_lines": 12, "num_statements": 12, "percent_covered": 100.0, "percent_covered_display": "100.00", "missing_lines": 0, "excluded_lines": 0}, "missing_lines": [], "excluded_lines": []}, "calculate_charging_requirements": {"executed_lines": [120, 129, 130, 132, 133, 134, 135, 136, 137, 141, 150, 158], "summary": {"covered_lines": 12, "num_statements": 15, "percent_covered": 80.0, "percent_covered_display": "80.00", "missing_lines": 3, "excluded_lines": 0}, "missing_lines": [121, 138, 139], "excluded_lines": []}, "": {"executed_lines": [1, 3, 4, 6, 7, 8, 15, 27, 75, 114], "summary": {"covered_lines": 9, "num_statements": 9, "percent_covered": 100.0, "percent_covered_display": "100.00", "missing_lines": 0, "excluded_lines": 0}, "missing_lines": [], "excluded_lines": []}}, "classes": {"": {"executed_lines": [1, 3, 4, 6, 7, 8, 15, 27, 36, 37, 40, 41, 42, 45, 68, 69, 72, 75, 82, 83, 87, 92, 93, 95, 99, 102, 103, 105, 106, 107, 114, 120, 129, 130, 132, 133, 134, 135, 136, 137, 141, 150, 158], "summary": {"covered_lines": 42, "num_statements": 57, "percent_covered": 73.6842105263158, "percent_covered_display": "73.68", "missing_lines": 15, "excluded_lines": 0}, "missing_lines": [38, 48, 49, 51, 52, 55, 58, 60, 61, 64, 65, 66, 121, 138, 139], "excluded_lines": []}}}, "tco_app/domain/externalities.py": {"executed_lines": [1, 2, 4, 8, 10, 12, 13, 14, 16, 29, 53, 56, 57, 59, 64, 67, 73, 74, 75, 76, 77, 78, 79, 80, 81, 82, 89, 147, 148, 149, 153, 162, 197, 236], "summary": {"covered_lines": 34, "num_statements": 95, "percent_covered": 35.78947368421053, "percent_covered_display": "35.79", "missing_lines": 61, "excluded_lines": 0}, "missing_lines": [98, 101, 107, 108, 109, 111, 114, 115, 118, 121, 124, 128, 166, 169, 170, 171, 173, 174, 175, 176, 177, 180, 181, 185, 201, 202, 203, 205, 206, 207, 208, 209, 210, 211, 221, 222, 223, 224, 225, 243, 244, 248, 252, 254, 255, 263, 264, 269, 270, 271, 272, 273, 274, 275, 276, 279, 281, 284, 286, 287, 289], "excluded_lines": [], "functions": {"calculate_externalities": {"executed_lines": [53, 56, 57, 59, 64, 67, 73, 74, 75, 76, 77, 78, 79, 80, 81, 82, 89, 147, 148, 149, 153], "summary": {"covered_lines": 21, "num_statements": 33, "percent_covered": 63.63636363636363, "percent_covered_display": "63.64", "missing_lines": 12, "excluded_lines": 0}, "missing_lines": [98, 101, 107, 108, 109, 111, 114, 115, 118, 121, 124, 128], "excluded_lines": []}, "calculate_social_tco": {"executed_lines": [], "summary": {"covered_lines": 0, "num_statements": 12, "percent_covered": 0.0, "percent_covered_display": "0.00", "missing_lines": 12, "excluded_lines": 0}, "missing_lines": [166, 169, 170, 171, 173, 174, 175, 176, 177, 180, 181, 185], "excluded_lines": []}, "prepare_externality_comparison": {"executed_lines": [], "summary": {"covered_lines": 0, "num_statements": 15, "percent_covered": 0.0, "percent_covered_display": "0.00", "missing_lines": 15, "excluded_lines": 0}, "missing_lines": [201, 202, 203, 205, 206, 207, 208, 209, 210, 211, 221, 222, 223, 224, 225], "excluded_lines": []}, "calculate_social_benefit_metrics": {"executed_lines": [], "summary": {"covered_lines": 0, "num_statements": 22, "percent_covered": 0.0, "percent_covered_display": "0.00", "missing_lines": 22, "excluded_lines": 0}, "missing_lines": [243, 244, 248, 252, 254, 255, 263, 264, 269, 270, 271, 272, 273, 274, 275, 276, 279, 281, 284, 286, 287, 289], "excluded_lines": []}, "": {"executed_lines": [1, 2, 4, 8, 10, 12, 13, 14, 16, 29, 162, 197, 236], "summary": {"covered_lines": 13, "num_statements": 13, "percent_covered": 100.0, "percent_covered_display": "100.00", "missing_lines": 0, "excluded_lines": 0}, "missing_lines": [], "excluded_lines": []}}, "classes": {"": {"executed_lines": [1, 2, 4, 8, 10, 12, 13, 14, 16, 29, 53, 56, 57, 59, 64, 67, 73, 74, 75, 76, 77, 78, 79, 80, 81, 82, 89, 147, 148, 149, 153, 162, 197, 236], "summary": {"covered_lines": 34, "num_statements": 95, "percent_covered": 35.78947368421053, "percent_covered_display": "35.79", "missing_lines": 61, "excluded_lines": 0}, "missing_lines": [98, 101, 107, 108, 109, 111, 114, 115, 118, 121, 124, 128, 166, 169, 170, 171, 173, 174, 175, 176, 177, 180, 181, 185, 201, 202, 203, 205, 206, 207, 208, 209, 210, 211, 221, 222, 223, 224, 225, 243, 244, 248, 252, 254, 255, 263, 264, 269, 270, 271, 272, 273, 274, 275, 276, 279, 281, 284, 286, 287, 289], "excluded_lines": []}}}, "tco_app/domain/finance.py": {"executed_lines": [1, 3, 5, 6, 7, 9, 10, 16, 17, 19, 35, 49, 53, 54, 56, 57, 68, 77, 78, 81, 84, 88, 90, 91, 93, 94, 96, 101, 109, 112, 113, 116, 121, 123, 124, 135, 138, 149, 156, 165, 171, 174, 176, 177, 180, 183, 184, 186, 188, 192, 200, 201, 202, 205, 208, 210, 213, 214, 217, 222, 224, 232, 243, 246, 247, 253, 266, 272, 273, 274, 276, 277, 280, 281, 287, 297, 298, 299, 300, 303, 307, 308, 309, 310, 312, 316, 330, 335, 336, 338, 339, 344, 345, 346, 351, 352, 355, 358, 359, 361, 364, 365, 366, 368, 371, 376, 377, 382, 384, 385, 386, 388, 389, 390, 391, 392, 394, 395, 403], "summary": {"covered_lines": 118, "num_statements": 129, "percent_covered": 91.47286821705427, "percent_covered_display": "91.47", "missing_lines": 11, "excluded_lines": 0}, "missing_lines": [50, 58, 60, 125, 128, 133, 139, 142, 147, 301, 409], "excluded_lines": [], "functions": {"calculate_npv_optimised": {"executed_lines": [49, 53, 54, 56, 57], "summary": {"covered_lines": 5, "num_statements": 8, "percent_covered": 62.5, "percent_covered_display": "62.50", "missing_lines": 3, "excluded_lines": 0}, "missing_lines": [50, 58, 60], "excluded_lines": []}, "calculate_annual_costs": {"executed_lines": [77, 78, 81, 84, 88, 90, 91, 93, 94, 96, 101, 109, 112, 113, 116, 121, 123, 124, 135, 138, 149, 156], "summary": {"covered_lines": 22, "num_statements": 28, "percent_covered": 78.57142857142857, "percent_covered_display": "78.57", "missing_lines": 6, "excluded_lines": 0}, "missing_lines": [125, 128, 133, 139, 142, 147], "excluded_lines": []}, "calculate_acquisition_cost": {"executed_lines": [171, 174, 176, 177, 180, 183, 184, 186, 188, 192, 200, 201, 202, 205, 208, 210, 213, 214, 217, 222, 224], "summary": {"covered_lines": 21, "num_statements": 21, "percent_covered": 100.0, "percent_covered_display": "100.00", "missing_lines": 0, "excluded_lines": 0}, "missing_lines": [], "excluded_lines": []}, "calculate_tco": {"executed_lines": [243, 246, 247, 253], "summary": {"covered_lines": 4, "num_statements": 4, "percent_covered": 100.0, "percent_covered_display": "100.00", "missing_lines": 0, "excluded_lines": 0}, "missing_lines": [], "excluded_lines": []}, "calculate_infrastructure_costs": {"executed_lines": [272, 273, 274, 276, 277, 280, 281, 287, 297, 298, 299, 300, 303, 307, 308, 309, 310, 312, 316], "summary": {"covered_lines": 19, "num_statements": 20, "percent_covered": 95.0, "percent_covered_display": "95.00", "missing_lines": 1, "excluded_lines": 0}, "missing_lines": [301], "excluded_lines": []}, "apply_infrastructure_incentives": {"executed_lines": [335, 336, 338, 339, 344, 345, 346, 351, 352, 355, 358, 359, 361, 364, 365, 366, 368], "summary": {"covered_lines": 17, "num_statements": 17, "percent_covered": 100.0, "percent_covered_display": "100.00", "missing_lines": 0, "excluded_lines": 0}, "missing_lines": [], "excluded_lines": []}, "integrate_infrastructure_with_tco": {"executed_lines": [376, 377, 382, 384, 385, 386, 388, 389, 390, 391, 392, 394, 395], "summary": {"covered_lines": 13, "num_statements": 13, "percent_covered": 100.0, "percent_covered_display": "100.00", "missing_lines": 0, "excluded_lines": 0}, "missing_lines": [], "excluded_lines": []}, "calculate_payload_penalty_costs": {"executed_lines": [], "summary": {"covered_lines": 0, "num_statements": 1, "percent_covered": 0.0, "percent_covered_display": "0.00", "missing_lines": 1, "excluded_lines": 0}, "missing_lines": [409], "excluded_lines": []}, "": {"executed_lines": [1, 3, 5, 6, 7, 9, 10, 16, 17, 19, 35, 68, 165, 232, 266, 330, 371, 403], "summary": {"covered_lines": 17, "num_statements": 17, "percent_covered": 100.0, "percent_covered_display": "100.00", "missing_lines": 0, "excluded_lines": 0}, "missing_lines": [], "excluded_lines": []}}, "classes": {"": {"executed_lines": [1, 3, 5, 6, 7, 9, 10, 16, 17, 19, 35, 49, 53, 54, 56, 57, 68, 77, 78, 81, 84, 88, 90, 91, 93, 94, 96, 101, 109, 112, 113, 116, 121, 123, 124, 135, 138, 149, 156, 165, 171, 174, 176, 177, 180, 183, 184, 186, 188, 192, 200, 201, 202, 205, 208, 210, 213, 214, 217, 222, 224, 232, 243, 246, 247, 253, 266, 272, 273, 274, 276, 277, 280, 281, 287, 297, 298, 299, 300, 303, 307, 308, 309, 310, 312, 316, 330, 335, 336, 338, 339, 344, 345, 346, 351, 352, 355, 358, 359, 361, 364, 365, 366, 368, 371, 376, 377, 382, 384, 385, 386, 388, 389, 390, 391, 392, 394, 395, 403], "summary": {"covered_lines": 118, "num_statements": 129, "percent_covered": 91.47286821705427, "percent_covered_display": "91.47", "missing_lines": 11, "excluded_lines": 0}, "missing_lines": [50, 58, 60, 125, 128, 133, 139, 142, 147, 301, 409], "excluded_lines": []}}}, "tco_app/domain/finance_payload.py": {"executed_lines": [1, 2, 4, 10, 12, 14, 17, 23, 24, 26, 27, 30, 31, 37, 38, 39, 48, 50, 51, 57, 58, 59, 60, 63, 66, 71, 72, 75, 80, 81, 82, 83, 84, 87, 88, 89, 91, 94, 97, 101], "summary": {"covered_lines": 40, "num_statements": 40, "percent_covered": 100.0, "percent_covered_display": "100.00", "missing_lines": 0, "excluded_lines": 0}, "missing_lines": [], "excluded_lines": [], "functions": {"calculate_payload_penalty_costs": {"executed_lines": [23, 24, 26, 27, 30, 31, 37, 38, 39, 48, 50, 57, 58, 59, 60, 63, 66, 71, 72, 75, 80, 81, 82, 83, 84, 87, 88, 89, 91, 94, 97, 101], "summary": {"covered_lines": 32, "num_statements": 32, "percent_covered": 100.0, "percent_covered_display": "100.00", "missing_lines": 0, "excluded_lines": 0}, "missing_lines": [], "excluded_lines": []}, "calculate_payload_penalty_costs.get_param": {"executed_lines": [51], "summary": {"covered_lines": 1, "num_statements": 1, "percent_covered": 100.0, "percent_covered_display": "100.00", "missing_lines": 0, "excluded_lines": 0}, "missing_lines": [], "excluded_lines": []}, "": {"executed_lines": [1, 2, 4, 10, 12, 14, 17], "summary": {"covered_lines": 7, "num_statements": 7, "percent_covered": 100.0, "percent_covered_display": "100.00", "missing_lines": 0, "excluded_lines": 0}, "missing_lines": [], "excluded_lines": []}}, "classes": {"": {"executed_lines": [1, 2, 4, 10, 12, 14, 17, 23, 24, 26, 27, 30, 31, 37, 38, 39, 48, 50, 51, 57, 58, 59, 60, 63, 66, 71, 72, 75, 80, 81, 82, 83, 84, 87, 88, 89, 91, 94, 97, 101], "summary": {"covered_lines": 40, "num_statements": 40, "percent_covered": 100.0, "percent_covered_display": "100.00", "missing_lines": 0, "excluded_lines": 0}, "missing_lines": [], "excluded_lines": []}}}, "tco_app/domain/sensitivity/__init__.py": {"executed_lines": [1, 7, 8, 9, 10, 12], "summary": {"covered_lines": 6, "num_statements": 6, "percent_covered": 100.0, "percent_covered_display": "100.00", "missing_lines": 0, "excluded_lines": 0}, "missing_lines": [], "excluded_lines": [], "functions": {"": {"executed_lines": [1, 7, 8, 9, 10, 12], "summary": {"covered_lines": 6, "num_statements": 6, "percent_covered": 100.0, "percent_covered_display": "100.00", "missing_lines": 0, "excluded_lines": 0}, "missing_lines": [], "excluded_lines": []}}, "classes": {"": {"executed_lines": [1, 7, 8, 9, 10, 12], "summary": {"covered_lines": 6, "num_statements": 6, "percent_covered": 100.0, "percent_covered_display": "100.00", "missing_lines": 0, "excluded_lines": 0}, "missing_lines": [], "excluded_lines": []}}}, "tco_app/domain/sensitivity/externality.py": {"executed_lines": [1, 5, 7, 9, 11, 14, 23, 24, 26, 27, 28, 29, 30, 32, 33, 34, 38, 45, 53, 54, 56, 60, 72, 85], "summary": {"covered_lines": 24, "num_statements": 24, "percent_covered": 100.0, "percent_covered_display": "100.00", "missing_lines": 0, "excluded_lines": 0}, "missing_lines": [], "excluded_lines": [], "functions": {"perform_externality_sensitivity": {"executed_lines": [23, 24, 26, 27, 28, 29, 30, 32, 33, 34, 38, 45, 53, 54, 56, 60, 72, 85], "summary": {"covered_lines": 18, "num_statements": 18, "percent_covered": 100.0, "percent_covered_display": "100.00", "missing_lines": 0, "excluded_lines": 0}, "missing_lines": [], "excluded_lines": []}, "": {"executed_lines": [1, 5, 7, 9, 11, 14], "summary": {"covered_lines": 6, "num_statements": 6, "percent_covered": 100.0, "percent_covered_display": "100.00", "missing_lines": 0, "excluded_lines": 0}, "missing_lines": [], "excluded_lines": []}}, "classes": {"": {"executed_lines": [1, 5, 7, 9, 11, 14, 23, 24, 26, 27, 28, 29, 30, 32, 33, 34, 38, 45, 53, 54, 56, 60, 72, 85], "summary": {"covered_lines": 24, "num_statements": 24, "percent_covered": 100.0, "percent_covered_display": "100.00", "missing_lines": 0, "excluded_lines": 0}, "missing_lines": [], "excluded_lines": []}}}, "tco_app/domain/sensitivity/metrics.py": {"executed_lines": [1, 2, 4, 8, 9, 11, 14, 23, 24, 26, 31, 32, 33, 35, 36, 43, 47, 48, 49, 52, 54, 55, 56, 58, 59, 61, 62, 65, 66, 67, 68, 76, 78, 79, 81, 82, 84, 85, 86, 87, 88, 89, 90, 91, 92, 94, 97, 98, 99, 105, 112, 121], "summary": {"covered_lines": 52, "num_statements": 52, "percent_covered": 100.0, "percent_covered_display": "100.00", "missing_lines": 0, "excluded_lines": 0}, "missing_lines": [], "excluded_lines": [], "functions": {"calculate_comparative_metrics": {"executed_lines": [23, 24, 26, 31, 32, 33, 35, 36, 43, 47, 48, 49, 52, 54, 55, 56, 58, 59, 61, 62, 65, 66, 67, 68, 76, 78, 79, 81, 82, 84, 85, 86, 87, 88, 89, 90, 91, 92, 94, 97, 98, 99, 105, 112, 121], "summary": {"covered_lines": 45, "num_statements": 45, "percent_covered": 100.0, "percent_covered_display": "100.00", "missing_lines": 0, "excluded_lines": 0}, "missing_lines": [], "excluded_lines": []}, "": {"executed_lines": [1, 2, 4, 8, 9, 11, 14], "summary": {"covered_lines": 7, "num_statements": 7, "percent_covered": 100.0, "percent_covered_display": "100.00", "missing_lines": 0, "excluded_lines": 0}, "missing_lines": [], "excluded_lines": []}}, "classes": {"": {"executed_lines": [1, 2, 4, 8, 9, 11, 14, 23, 24, 26, 31, 32, 33, 35, 36, 43, 47, 48, 49, 52, 54, 55, 56, 58, 59, 61, 62, 65, 66, 67, 68, 76, 78, 79, 81, 82, 84, 85, 86, 87, 88, 89, 90, 91, 92, 94, 97, 98, 99, 105, 112, 121], "summary": {"covered_lines": 52, "num_statements": 52, "percent_covered": 100.0, "percent_covered_display": "100.00", "missing_lines": 0, "excluded_lines": 0}, "missing_lines": [], "excluded_lines": []}}}, "tco_app/domain/sensitivity/single_param.py": {"executed_lines": [1, 2, 4, 14, 16, 18, 22, 32, 33, 35, 42, 69, 71, 72, 73, 74, 75, 76, 77, 78, 80, 81, 82, 83, 88, 89, 90, 91, 92, 93, 96, 97, 98, 99, 112, 120, 129, 137, 147, 153, 160, 164, 169, 175, 183, 191, 196, 203, 214, 227, 231, 237, 242, 249, 267], "summary": {"covered_lines": 55, "num_statements": 56, "percent_covered": 98.21428571428571, "percent_covered_display": "98.21", "missing_lines": 1, "excluded_lines": 0}, "missing_lines": [109], "excluded_lines": [], "functions": {"perform_sensitivity_analysis": {"executed_lines": [69, 71, 72, 73, 74, 75, 76, 77, 78, 80, 81, 82, 83, 88, 89, 90, 91, 92, 93, 96, 97, 98, 99, 112, 120, 129, 137, 147, 153, 160, 164, 169, 175, 183, 191, 196, 203, 214, 227, 231, 237, 242, 249, 267], "summary": {"covered_lines": 44, "num_statements": 45, "percent_covered": 97.77777777777777, "percent_covered_display": "97.78", "missing_lines": 1, "excluded_lines": 0}, "missing_lines": [109], "excluded_lines": []}, "": {"executed_lines": [1, 2, 4, 14, 16, 18, 22, 32, 33, 35, 42], "summary": {"covered_lines": 11, "num_statements": 11, "percent_covered": 100.0, "percent_covered_display": "100.00", "missing_lines": 0, "excluded_lines": 0}, "missing_lines": [], "excluded_lines": []}}, "classes": {"": {"executed_lines": [1, 2, 4, 14, 16, 18, 22, 32, 33, 35, 42, 69, 71, 72, 73, 74, 75, 76, 77, 78, 80, 81, 82, 83, 88, 89, 90, 91, 92, 93, 96, 97, 98, 99, 112, 120, 129, 137, 147, 153, 160, 164, 169, 175, 183, 191, 196, 203, 214, 227, 231, 237, 242, 249, 267], "summary": {"covered_lines": 55, "num_statements": 56, "percent_covered": 98.21428571428571, "percent_covered_display": "98.21", "missing_lines": 1, "excluded_lines": 0}, "missing_lines": [109], "excluded_lines": []}}}, "tco_app/domain/sensitivity/tornado.py": {"executed_lines": [1, 2, 4, 10, 12, 14, 16, 23], "summary": {"covered_lines": 8, "num_statements": 28, "percent_covered": 28.571428571428573, "percent_covered_display": "28.57", "missing_lines": 20, "excluded_lines": 0}, "missing_lines": [41, 42, 43, 44, 46, 48, 70, 73, 74, 76, 81, 83, 84, 86, 87, 88, 110, 111, 112, 114], "excluded_lines": [], "functions": {"calculate_tornado_data": {"executed_lines": [], "summary": {"covered_lines": 0, "num_statements": 20, "percent_covered": 0.0, "percent_covered_display": "0.00", "missing_lines": 20, "excluded_lines": 0}, "missing_lines": [41, 42, 43, 44, 46, 48, 70, 73, 74, 76, 81, 83, 84, 86, 87, 88, 110, 111, 112, 114], "excluded_lines": []}, "": {"executed_lines": [1, 2, 4, 10, 12, 14, 16, 23], "summary": {"covered_lines": 8, "num_statements": 8, "percent_covered": 100.0, "percent_covered_display": "100.00", "missing_lines": 0, "excluded_lines": 0}, "missing_lines": [], "excluded_lines": []}}, "classes": {"": {"executed_lines": [1, 2, 4, 10, 12, 14, 16, 23], "summary": {"covered_lines": 8, "num_statements": 28, "percent_covered": 28.571428571428573, "percent_covered_display": "28.57", "missing_lines": 20, "excluded_lines": 0}, "missing_lines": [41, 42, 43, 44, 46, 48, 70, 73, 74, 76, 81, 83, 84, 86, 87, 88, 110, 111, 112, 114], "excluded_lines": []}}}, "tco_app/main.py": {"executed_lines": [], "summary": {"covered_lines": 0, "num_statements": 14, "percent_covered": 0.0, "percent_covered_display": "0.00", "missing_lines": 14, "excluded_lines": 0}, "missing_lines": [6, 7, 8, 13, 14, 15, 17, 21, 29, 38, 39, 41, 42, 45], "excluded_lines": [], "functions": {"": {"executed_lines": [], "summary": {"covered_lines": 0, "num_statements": 14, "percent_covered": 0.0, "percent_covered_display": "0.00", "missing_lines": 14, "excluded_lines": 0}, "missing_lines": [6, 7, 8, 13, 14, 15, 17, 21, 29, 38, 39, 41, 42, 45], "excluded_lines": []}}, "classes": {"": {"executed_lines": [], "summary": {"covered_lines": 0, "num_statements": 14, "percent_covered": 0.0, "percent_covered_display": "0.00", "missing_lines": 14, "excluded_lines": 0}, "missing_lines": [6, 7, 8, 13, 14, 15, 17, 21, 29, 38, 39, 41, 42, 45], "excluded_lines": []}}}, "tco_app/plotters/__init__.py": {"executed_lines": [1, 2, 3, 4, 5, 6, 7, 9], "summary": {"covered_lines": 8, "num_statements": 8, "percent_covered": 100.0, "percent_covered_display": "100.00", "missing_lines": 0, "excluded_lines": 0}, "missing_lines": [], "excluded_lines": [], "functions": {"": {"executed_lines": [1, 2, 3, 4, 5, 6, 7, 9], "summary": {"covered_lines": 8, "num_statements": 8, "percent_covered": 100.0, "percent_covered_display": "100.00", "missing_lines": 0, "excluded_lines": 0}, "missing_lines": [], "excluded_lines": []}}, "classes": {"": {"executed_lines": [1, 2, 3, 4, 5, 6, 7, 9], "summary": {"covered_lines": 8, "num_statements": 8, "percent_covered": 100.0, "percent_covered_display": "100.00", "missing_lines": 0, "excluded_lines": 0}, "missing_lines": [], "excluded_lines": []}}}, "tco_app/plotters/charging_mix.py": {"executed_lines": [1, 3, 4, 5, 7, 10], "summary": {"covered_lines": 5, "num_statements": 23, "percent_covered": 21.73913043478261, "percent_covered_display": "21.74", "missing_lines": 18, "excluded_lines": 0}, "missing_lines": [12, 13, 14, 15, 17, 18, 19, 20, 28, 29, 30, 32, 37, 48, 53, 58, 64, 74], "excluded_lines": [], "functions": {"create_charging_mix_chart": {"executed_lines": [], "summary": {"covered_lines": 0, "num_statements": 18, "percent_covered": 0.0, "percent_covered_display": "0.00", "missing_lines": 18, "excluded_lines": 0}, "missing_lines": [12, 13, 14, 15, 17, 18, 19, 20, 28, 29, 30, 32, 37, 48, 53, 58, 64, 74], "excluded_lines": []}, "": {"executed_lines": [1, 3, 4, 5, 7, 10], "summary": {"covered_lines": 5, "num_statements": 5, "percent_covered": 100.0, "percent_covered_display": "100.00", "missing_lines": 0, "excluded_lines": 0}, "missing_lines": [], "excluded_lines": []}}, "classes": {"": {"executed_lines": [1, 3, 4, 5, 7, 10], "summary": {"covered_lines": 5, "num_statements": 23, "percent_covered": 21.73913043478261, "percent_covered_display": "21.74", "missing_lines": 18, "excluded_lines": 0}, "missing_lines": [12, 13, 14, 15, 17, 18, 19, 20, 28, 29, 30, 32, 37, 48, 53, 58, 64, 74], "excluded_lines": []}}}, "tco_app/plotters/cost_breakdown.py": {"executed_lines": [1, 3, 4, 5, 6, 8, 11, 26, 37, 52, 53, 54, 56, 65, 76, 79, 82], "summary": {"covered_lines": 16, "num_statements": 61, "percent_covered": 26.229508196721312, "percent_covered_display": "26.23", "missing_lines": 45, "excluded_lines": 0}, "missing_lines": [27, 28, 32, 84, 87, 88, 90, 91, 95, 99, 103, 104, 105, 107, 108, 110, 111, 114, 116, 117, 118, 122, 126, 130, 131, 133, 134, 136, 145, 159, 160, 162, 163, 164, 165, 166, 167, 168, 171, 172, 173, 175, 176, 188, 191], "excluded_lines": [], "functions": {"create_cost_breakdown_chart": {"executed_lines": [11, 26, 37, 52, 53, 54, 56, 65, 76, 79], "summary": {"covered_lines": 10, "num_statements": 13, "percent_covered": 76.92307692307692, "percent_covered_display": "76.92", "missing_lines": 3, "excluded_lines": 0}, "missing_lines": [27, 28, 32], "excluded_lines": []}, "create_annual_costs_chart": {"executed_lines": [], "summary": {"covered_lines": 0, "num_statements": 42, "percent_covered": 0.0, "percent_covered_display": "0.00", "missing_lines": 42, "excluded_lines": 0}, "missing_lines": [84, 87, 88, 90, 91, 95, 99, 103, 104, 105, 107, 108, 110, 111, 114, 116, 117, 118, 122, 126, 130, 131, 133, 134, 136, 145, 159, 160, 162, 163, 164, 165, 166, 167, 168, 171, 172, 173, 175, 176, 188, 191], "excluded_lines": []}, "": {"executed_lines": [1, 3, 4, 5, 6, 8, 82], "summary": {"covered_lines": 6, "num_statements": 6, "percent_covered": 100.0, "percent_covered_display": "100.00", "missing_lines": 0, "excluded_lines": 0}, "missing_lines": [], "excluded_lines": []}}, "classes": {"": {"executed_lines": [1, 3, 4, 5, 6, 8, 11, 26, 37, 52, 53, 54, 56, 65, 76, 79, 82], "summary": {"covered_lines": 16, "num_statements": 61, "percent_covered": 26.229508196721312, "percent_covered_display": "26.23", "missing_lines": 45, "excluded_lines": 0}, "missing_lines": [27, 28, 32, 84, 87, 88, 90, 91, 95, 99, 103, 104, 105, 107, 108, 110, 111, 114, 116, 117, 118, 122, 126, 130, 131, 133, 134, 136, 145, 159, 160, 162, 163, 164, 165, 166, 167, 168, 171, 172, 173, 175, 176, 188, 191], "excluded_lines": []}}}, "tco_app/plotters/emissions.py": {"executed_lines": [1, 2, 3, 5, 8, 10, 24, 28, 39, 50, 51, 52, 53], "summary": {"covered_lines": 13, "num_statements": 13, "percent_covered": 100.0, "percent_covered_display": "100.00", "missing_lines": 0, "excluded_lines": 0}, "missing_lines": [], "excluded_lines": [], "functions": {"create_emissions_chart": {"executed_lines": [10, 24, 28, 39, 50, 51, 52, 53], "summary": {"covered_lines": 8, "num_statements": 8, "percent_covered": 100.0, "percent_covered_display": "100.00", "missing_lines": 0, "excluded_lines": 0}, "missing_lines": [], "excluded_lines": []}, "": {"executed_lines": [1, 2, 3, 5, 8], "summary": {"covered_lines": 5, "num_statements": 5, "percent_covered": 100.0, "percent_covered_display": "100.00", "missing_lines": 0, "excluded_lines": 0}, "missing_lines": [], "excluded_lines": []}}, "classes": {"": {"executed_lines": [1, 2, 3, 5, 8, 10, 24, 28, 39, 50, 51, 52, 53], "summary": {"covered_lines": 13, "num_statements": 13, "percent_covered": 100.0, "percent_covered_display": "100.00", "missing_lines": 0, "excluded_lines": 0}, "missing_lines": [], "excluded_lines": []}}}, "tco_app/plotters/key_metrics.py": {"executed_lines": [1, 2, 5, 8], "summary": {"covered_lines": 4, "num_statements": 23, "percent_covered": 17.391304347826086, "percent_covered_display": "17.39", "missing_lines": 19, "excluded_lines": 0}, "missing_lines": [10, 11, 16, 17, 21, 22, 23, 31, 57, 58, 59, 61, 70, 71, 73, 74, 83, 93, 98], "excluded_lines": [], "functions": {"create_key_metrics_chart": {"executed_lines": [], "summary": {"covered_lines": 0, "num_statements": 19, "percent_covered": 0.0, "percent_covered_display": "0.00", "missing_lines": 19, "excluded_lines": 0}, "missing_lines": [10, 11, 16, 17, 21, 22, 23, 31, 57, 58, 59, 61, 70, 71, 73, 74, 83, 93, 98], "excluded_lines": []}, "": {"executed_lines": [1, 2, 5, 8], "summary": {"covered_lines": 4, "num_statements": 4, "percent_covered": 100.0, "percent_covered_display": "100.00", "missing_lines": 0, "excluded_lines": 0}, "missing_lines": [], "excluded_lines": []}}, "classes": {"": {"executed_lines": [1, 2, 5, 8], "summary": {"covered_lines": 4, "num_statements": 23, "percent_covered": 17.391304347826086, "percent_covered_display": "17.39", "missing_lines": 19, "excluded_lines": 0}, "missing_lines": [10, 11, 16, 17, 21, 22, 23, 31, 57, 58, 59, 61, 70, 71, 73, 74, 83, 93, 98], "excluded_lines": []}}}, "tco_app/plotters/payload.py": {"executed_lines": [1, 2, 3, 5, 8, 52], "summary": {"covered_lines": 6, "num_statements": 34, "percent_covered": 17.647058823529413, "percent_covered_display": "17.65", "missing_lines": 28, "excluded_lines": 0}, "missing_lines": [10, 11, 19, 31, 32, 41, 49, 56, 57, 58, 61, 62, 64, 65, 66, 67, 69, 76, 83, 87, 102, 103, 104, 113, 123, 131, 139, 146], "excluded_lines": [], "functions": {"create_payload_comparison_chart": {"executed_lines": [], "summary": {"covered_lines": 0, "num_statements": 7, "percent_covered": 0.0, "percent_covered_display": "0.00", "missing_lines": 7, "excluded_lines": 0}, "missing_lines": [10, 11, 19, 31, 32, 41, 49], "excluded_lines": []}, "create_payload_sensitivity_chart": {"executed_lines": [], "summary": {"covered_lines": 0, "num_statements": 21, "percent_covered": 0.0, "percent_covered_display": "0.00", "missing_lines": 21, "excluded_lines": 0}, "missing_lines": [56, 57, 58, 61, 62, 64, 65, 66, 67, 69, 76, 83, 87, 102, 103, 104, 113, 123, 131, 139, 146], "excluded_lines": []}, "": {"executed_lines": [1, 2, 3, 5, 8, 52], "summary": {"covered_lines": 6, "num_statements": 6, "percent_covered": 100.0, "percent_covered_display": "100.00", "missing_lines": 0, "excluded_lines": 0}, "missing_lines": [], "excluded_lines": []}}, "classes": {"": {"executed_lines": [1, 2, 3, 5, 8, 52], "summary": {"covered_lines": 6, "num_statements": 34, "percent_covered": 17.647058823529413, "percent_covered_display": "17.65", "missing_lines": 28, "excluded_lines": 0}, "missing_lines": [10, 11, 19, 31, 32, 41, 49, 56, 57, 58, 61, 62, 64, 65, 66, 67, 69, 76, 83, 87, 102, 103, 104, 113, 123, 131, 139, 146], "excluded_lines": []}}}, "tco_app/plotters/sensitivity.py": {"executed_lines": [1, 2, 5], "summary": {"covered_lines": 3, "num_statements": 36, "percent_covered": 8.333333333333334, "percent_covered_display": "8.33", "missing_lines": 33, "excluded_lines": 0}, "missing_lines": [9, 11, 22, 33, 47, 48, 49, 50, 51, 56, 57, 58, 59, 60, 61, 63, 64, 73, 74, 75, 79, 83, 84, 85, 86, 87, 88, 90, 91, 99, 114, 122, 131], "excluded_lines": [], "functions": {"create_sensitivity_chart": {"executed_lines": [], "summary": {"covered_lines": 0, "num_statements": 33, "percent_covered": 0.0, "percent_covered_display": "0.00", "missing_lines": 33, "excluded_lines": 0}, "missing_lines": [9, 11, 22, 33, 47, 48, 49, 50, 51, 56, 57, 58, 59, 60, 61, 63, 64, 73, 74, 75, 79, 83, 84, 85, 86, 87, 88, 90, 91, 99, 114, 122, 131], "excluded_lines": []}, "": {"executed_lines": [1, 2, 5], "summary": {"covered_lines": 3, "num_statements": 3, "percent_covered": 100.0, "percent_covered_display": "100.00", "missing_lines": 0, "excluded_lines": 0}, "missing_lines": [], "excluded_lines": []}}, "classes": {"": {"executed_lines": [1, 2, 5], "summary": {"covered_lines": 3, "num_statements": 36, "percent_covered": 8.333333333333334, "percent_covered_display": "8.33", "missing_lines": 33, "excluded_lines": 0}, "missing_lines": [9, 11, 22, 33, 47, 48, 49, 50, 51, 56, 57, 58, 59, 60, 61, 63, 64, 73, 74, 75, 79, 83, 84, 85, 86, 87, 88, 90, 91, 99, 114, 122, 131], "excluded_lines": []}}}, "tco_app/plotters/tornado.py": {"executed_lines": [1, 4], "summary": {"covered_lines": 2, "num_statements": 13, "percent_covered": 15.384615384615385, "percent_covered_display": "15.38", "missing_lines": 11, "excluded_lines": 0}, "missing_lines": [6, 7, 12, 13, 14, 16, 17, 31, 46, 55, 63], "excluded_lines": [], "functions": {"create_tornado_chart": {"executed_lines": [], "summary": {"covered_lines": 0, "num_statements": 11, "percent_covered": 0.0, "percent_covered_display": "0.00", "missing_lines": 11, "excluded_lines": 0}, "missing_lines": [6, 7, 12, 13, 14, 16, 17, 31, 46, 55, 63], "excluded_lines": []}, "": {"executed_lines": [1, 4], "summary": {"covered_lines": 2, "num_statements": 2, "percent_covered": 100.0, "percent_covered_display": "100.00", "missing_lines": 0, "excluded_lines": 0}, "missing_lines": [], "excluded_lines": []}}, "classes": {"": {"executed_lines": [1, 4], "summary": {"covered_lines": 2, "num_statements": 13, "percent_covered": 15.384615384615385, "percent_covered_display": "15.38", "missing_lines": 11, "excluded_lines": 0}, "missing_lines": [6, 7, 12, 13, 14, 16, 17, 31, 46, 55, 63], "excluded_lines": []}}}, "tco_app/repositories.py": {"executed_lines": [1, 8, 9, 10, 15, 16, 17, 18, 20, 39, 57, 58, 59, 61, 64, 67, 73, 76, 79, 84], "summary": {"covered_lines": 19, "num_statements": 38, "percent_covered": 50.0, "percent_covered_display": "50.00", "missing_lines": 19, "excluded_lines": 0}, "missing_lines": [22, 26, 30, 33, 34, 37, 41, 46, 48, 51, 53, 54, 62, 65, 71, 74, 77, 80, 85], "excluded_lines": [], "functions": {"VehicleRepository.__init__": {"executed_lines": [17, 18], "summary": {"covered_lines": 2, "num_statements": 2, "percent_covered": 100.0, "percent_covered_display": "100.00", "missing_lines": 0, "excluded_lines": 0}, "missing_lines": [], "excluded_lines": []}, "VehicleRepository.get_vehicle_by_id": {"executed_lines": [], "summary": {"covered_lines": 0, "num_statements": 6, "percent_covered": 0.0, "percent_covered_display": "0.00", "missing_lines": 6, "excluded_lines": 0}, "missing_lines": [22, 26, 30, 33, 34, 37], "excluded_lines": []}, "VehicleRepository.get_fees_by_vehicle_id": {"executed_lines": [], "summary": {"covered_lines": 0, "num_statements": 6, "percent_covered": 0.0, "percent_covered_display": "0.00", "missing_lines": 6, "excluded_lines": 0}, "missing_lines": [41, 46, 48, 51, 53, 54], "excluded_lines": []}, "ParametersRepository.__init__": {"executed_lines": [59], "summary": {"covered_lines": 1, "num_statements": 1, "percent_covered": 100.0, "percent_covered_display": "100.00", "missing_lines": 0, "excluded_lines": 0}, "missing_lines": [], "excluded_lines": []}, "ParametersRepository.get_charging_options": {"executed_lines": [], "summary": {"covered_lines": 0, "num_statements": 1, "percent_covered": 0.0, "percent_covered_display": "0.00", "missing_lines": 1, "excluded_lines": 0}, "missing_lines": [62], "excluded_lines": []}, "ParametersRepository.get_infrastructure_options": {"executed_lines": [], "summary": {"covered_lines": 0, "num_statements": 1, "percent_covered": 0.0, "percent_covered_display": "0.00", "missing_lines": 1, "excluded_lines": 0}, "missing_lines": [65], "excluded_lines": []}, "ParametersRepository.get_financial_params": {"executed_lines": [], "summary": {"covered_lines": 0, "num_statements": 1, "percent_covered": 0.0, "percent_covered_display": "0.00", "missing_lines": 1, "excluded_lines": 0}, "missing_lines": [71], "excluded_lines": []}, "ParametersRepository.get_battery_params": {"executed_lines": [], "summary": {"covered_lines": 0, "num_statements": 1, "percent_covered": 0.0, "percent_covered_display": "0.00", "missing_lines": 1, "excluded_lines": 0}, "missing_lines": [74], "excluded_lines": []}, "ParametersRepository.get_emission_factors": {"executed_lines": [], "summary": {"covered_lines": 0, "num_statements": 1, "percent_covered": 0.0, "percent_covered_display": "0.00", "missing_lines": 1, "excluded_lines": 0}, "missing_lines": [77], "excluded_lines": []}, "ParametersRepository.get_externalities_data": {"executed_lines": [], "summary": {"covered_lines": 0, "num_statements": 1, "percent_covered": 0.0, "percent_covered_display": "0.00", "missing_lines": 1, "excluded_lines": 0}, "missing_lines": [80], "excluded_lines": []}, "ParametersRepository.get_incentives": {"executed_lines": [], "summary": {"covered_lines": 0, "num_statements": 1, "percent_covered": 0.0, "percent_covered_display": "0.00", "missing_lines": 1, "excluded_lines": 0}, "missing_lines": [85], "excluded_lines": []}, "": {"executed_lines": [1, 8, 9, 10, 15, 16, 20, 39, 57, 58, 61, 64, 67, 73, 76, 79, 84], "summary": {"covered_lines": 16, "num_statements": 16, "percent_covered": 100.0, "percent_covered_display": "100.00", "missing_lines": 0, "excluded_lines": 0}, "missing_lines": [], "excluded_lines": []}}, "classes": {"VehicleRepository": {"executed_lines": [17, 18], "summary": {"covered_lines": 2, "num_statements": 14, "percent_covered": 14.285714285714286, "percent_covered_display": "14.29", "missing_lines": 12, "excluded_lines": 0}, "missing_lines": [22, 26, 30, 33, 34, 37, 41, 46, 48, 51, 53, 54], "excluded_lines": []}, "ParametersRepository": {"executed_lines": [59], "summary": {"covered_lines": 1, "num_statements": 8, "percent_covered": 12.5, "percent_covered_display": "12.50", "missing_lines": 7, "excluded_lines": 0}, "missing_lines": [62, 65, 71, 74, 77, 80, 85], "excluded_lines": []}, "": {"executed_lines": [1, 8, 9, 10, 15, 16, 20, 39, 57, 58, 61, 64, 67, 73, 76, 79, 84], "summary": {"covered_lines": 16, "num_statements": 16, "percent_covered": 100.0, "percent_covered_display": "100.00", "missing_lines": 0, "excluded_lines": 0}, "missing_lines": [], "excluded_lines": []}}}, "tco_app/services/__init__.py": {"executed_lines": [1, 8, 12, 14], "summary": {"covered_lines": 3, "num_statements": 3, "percent_covered": 100.0, "percent_covered_display": "100.00", "missing_lines": 0, "excluded_lines": 0}, "missing_lines": [], "excluded_lines": [], "functions": {"": {"executed_lines": [1, 8, 12, 14], "summary": {"covered_lines": 3, "num_statements": 3, "percent_covered": 100.0, "percent_covered_display": "100.00", "missing_lines": 0, "excluded_lines": 0}, "missing_lines": [], "excluded_lines": []}}, "classes": {"": {"executed_lines": [1, 8, 12, 14], "summary": {"covered_lines": 3, "num_statements": 3, "percent_covered": 100.0, "percent_covered_display": "100.00", "missing_lines": 0, "excluded_lines": 0}, "missing_lines": [], "excluded_lines": []}}}, "tco_app/services/data_cache.py": {"executed_lines": [1, 3, 14, 17, 18, 20, 22, 23, 24, 26, 29, 35, 36, 38, 40, 42, 47, 49, 53, 55, 57, 58, 59, 60, 61, 63, 66, 68, 69, 70, 71, 73, 74, 76, 78, 79, 80, 82, 85, 87, 92, 93, 94, 97, 98, 99, 101, 105, 108, 120, 121, 122, 124, 126], "summary": {"covered_lines": 52, "num_statements": 54, "percent_covered": 96.29629629629629, "percent_covered_display": "96.30", "missing_lines": 2, "excluded_lines": 0}, "missing_lines": [48, 51], "excluded_lines": [], "functions": {"DataCache.__init__": {"executed_lines": [22, 23, 24], "summary": {"covered_lines": 3, "num_statements": 3, "percent_covered": 100.0, "percent_covered_display": "100.00", "missing_lines": 0, "excluded_lines": 0}, "missing_lines": [], "excluded_lines": []}, "DataCache._make_key": {"executed_lines": [29, 35, 36], "summary": {"covered_lines": 3, "num_statements": 3, "percent_covered": 100.0, "percent_covered_display": "100.00", "missing_lines": 0, "excluded_lines": 0}, "missing_lines": [], "excluded_lines": []}, "DataCache._serialise_arg": {"executed_lines": [40, 42, 47, 49, 53], "summary": {"covered_lines": 5, "num_statements": 7, "percent_covered": 71.42857142857143, "percent_covered_display": "71.43", "missing_lines": 2, "excluded_lines": 0}, "missing_lines": [48, 51], "excluded_lines": []}, "DataCache.get": {"executed_lines": [57, 58, 59, 60, 61], "summary": {"covered_lines": 5, "num_statements": 5, "percent_covered": 100.0, "percent_covered_display": "100.00", "missing_lines": 0, "excluded_lines": 0}, "missing_lines": [], "excluded_lines": []}, "DataCache.set": {"executed_lines": [66, 68, 69, 70, 71, 73, 74], "summary": {"covered_lines": 7, "num_statements": 7, "percent_covered": 100.0, "percent_covered_display": "100.00", "missing_lines": 0, "excluded_lines": 0}, "missing_lines": [], "excluded_lines": []}, "DataCache.clear": {"executed_lines": [78, 79, 80], "summary": {"covered_lines": 3, "num_statements": 3, "percent_covered": 100.0, "percent_covered_display": "100.00", "missing_lines": 0, "excluded_lines": 0}, "missing_lines": [], "excluded_lines": []}, "DataCache.cache_dataframe_lookup": {"executed_lines": [85, 101], "summary": {"covered_lines": 2, "num_statements": 2, "percent_covered": 100.0, "percent_covered_display": "100.00", "missing_lines": 0, "excluded_lines": 0}, "missing_lines": [], "excluded_lines": []}, "DataCache.cache_dataframe_lookup.wrapper": {"executed_lines": [87, 92, 93, 94, 97, 98, 99], "summary": {"covered_lines": 7, "num_statements": 7, "percent_covered": 100.0, "percent_covered_display": "100.00", "missing_lines": 0, "excluded_lines": 0}, "missing_lines": [], "excluded_lines": []}, "get_vehicle_with_cache": {"executed_lines": [120, 121, 126], "summary": {"covered_lines": 3, "num_statements": 3, "percent_covered": 100.0, "percent_covered_display": "100.00", "missing_lines": 0, "excluded_lines": 0}, "missing_lines": [], "excluded_lines": []}, "get_vehicle_with_cache._lookup": {"executed_lines": [122, 124], "summary": {"covered_lines": 2, "num_statements": 2, "percent_covered": 100.0, "percent_covered_display": "100.00", "missing_lines": 0, "excluded_lines": 0}, "missing_lines": [], "excluded_lines": []}, "": {"executed_lines": [1, 3, 14, 17, 18, 20, 26, 38, 55, 63, 76, 82, 105, 108], "summary": {"covered_lines": 12, "num_statements": 12, "percent_covered": 100.0, "percent_covered_display": "100.00", "missing_lines": 0, "excluded_lines": 0}, "missing_lines": [], "excluded_lines": []}}, "classes": {"DataCache": {"executed_lines": [22, 23, 24, 29, 35, 36, 40, 42, 47, 49, 53, 57, 58, 59, 60, 61, 66, 68, 69, 70, 71, 73, 74, 78, 79, 80, 85, 87, 92, 93, 94, 97, 98, 99, 101], "summary": {"covered_lines": 35, "num_statements": 37, "percent_covered": 94.5945945945946, "percent_covered_display": "94.59", "missing_lines": 2, "excluded_lines": 0}, "missing_lines": [48, 51], "excluded_lines": []}, "": {"executed_lines": [1, 3, 14, 17, 18, 20, 26, 38, 55, 63, 76, 82, 105, 108, 120, 121, 122, 124, 126], "summary": {"covered_lines": 17, "num_statements": 17, "percent_covered": 100.0, "percent_covered_display": "100.00", "missing_lines": 0, "excluded_lines": 0}, "missing_lines": [], "excluded_lines": []}}}, "tco_app/services/dtos.py": {"executed_lines": [1, 7, 8, 10, 12, 20, 21, 22, 25, 26, 27, 28, 29, 32, 33, 34, 35, 38, 39, 40, 41, 44, 45, 46, 48, 49, 50, 53, 54, 55, 56, 57, 58, 59, 61, 62, 64, 67, 68, 69, 72, 73, 74, 75, 78, 79, 80, 81, 82, 85, 86, 89, 90, 91, 94, 97, 98, 99, 100, 103, 104, 105, 108, 111, 114, 115, 116, 118, 119, 121, 122, 123, 124, 127, 128, 129, 132], "summary": {"covered_lines": 69, "num_statements": 69, "percent_covered": 100.0, "percent_covered_display": "100.00", "missing_lines": 0, "excluded_lines": 4}, "missing_lines": [], "excluded_lines": [61, 62, 63, 64], "functions": {"CalculationRequest.drivetrain": {"executed_lines": [64], "summary": {"covered_lines": 0, "num_statements": 0, "percent_covered": 100.0, "percent_covered_display": "100.00", "missing_lines": 0, "excluded_lines": 2}, "missing_lines": [], "excluded_lines": [63, 64]}, "": {"executed_lines": [1, 7, 8, 10, 12, 20, 21, 22, 25, 26, 27, 28, 29, 32, 33, 34, 35, 38, 39, 40, 41, 44, 45, 46, 48, 49, 50, 53, 54, 55, 56, 57, 58, 59, 61, 62, 67, 68, 69, 72, 73, 74, 75, 78, 79, 80, 81, 82, 85, 86, 89, 90, 91, 94, 97, 98, 99, 100, 103, 104, 105, 108, 111, 114, 115, 116, 118, 119, 121, 122, 123, 124, 127, 128, 129, 132], "summary": {"covered_lines": 69, "num_statements": 69, "percent_covered": 100.0, "percent_covered_display": "100.00", "missing_lines": 0, "excluded_lines": 2}, "missing_lines": [], "excluded_lines": [61, 62]}}, "classes": {"CalculationParameters": {"executed_lines": [], "summary": {"covered_lines": 0, "num_statements": 0, "percent_covered": 100.0, "percent_covered_display": "100.00", "missing_lines": 0, "excluded_lines": 0}, "missing_lines": [], "excluded_lines": []}, "CalculationRequest": {"executed_lines": [64], "summary": {"covered_lines": 0, "num_statements": 0, "percent_covered": 100.0, "percent_covered_display": "100.00", "missing_lines": 0, "excluded_lines": 2}, "missing_lines": [], "excluded_lines": [63, 64]}, "TCOResult": {"executed_lines": [], "summary": {"covered_lines": 0, "num_statements": 0, "percent_covered": 100.0, "percent_covered_display": "100.00", "missing_lines": 0, "excluded_lines": 0}, "missing_lines": [], "excluded_lines": []}, "ComparisonResult": {"executed_lines": [], "summary": {"covered_lines": 0, "num_statements": 0, "percent_covered": 100.0, "percent_covered_display": "100.00", "missing_lines": 0, "excluded_lines": 0}, "missing_lines": [], "excluded_lines": []}, "": {"executed_lines": [1, 7, 8, 10, 12, 20, 21, 22, 25, 26, 27, 28, 29, 32, 33, 34, 35, 38, 39, 40, 41, 44, 45, 46, 48, 49, 50, 53, 54, 55, 56, 57, 58, 59, 61, 62, 67, 68, 69, 72, 73, 74, 75, 78, 79, 80, 81, 82, 85, 86, 89, 90, 91, 94, 97, 98, 99, 100, 103, 104, 105, 108, 111, 114, 115, 116, 118, 119, 121, 122, 123, 124, 127, 128, 129, 132], "summary": {"covered_lines": 69, "num_statements": 69, "percent_covered": 100.0, "percent_covered_display": "100.00", "missing_lines": 0, "excluded_lines": 2}, "missing_lines": [], "excluded_lines": [61, 62]}}}, "tco_app/services/helpers/__init__.py": {"executed_lines": [1, 11, 13, 15, 16, 17, 19, 25, 37, 40, 41, 46, 48, 50, 51, 56, 58, 60, 63, 76, 82, 91, 92, 94, 99, 100, 104, 108, 109, 113], "summary": {"covered_lines": 30, "num_statements": 31, "percent_covered": 96.7741935483871, "percent_covered_display": "96.77", "missing_lines": 1, "excluded_lines": 0}, "missing_lines": [38], "excluded_lines": [], "functions": {"get_residual_value_parameters": {"executed_lines": [37, 40, 41, 46, 48, 50, 51, 56, 58, 60], "summary": {"covered_lines": 10, "num_statements": 11, "percent_covered": 90.9090909090909, "percent_covered_display": "90.91", "missing_lines": 1, "excluded_lines": 0}, "missing_lines": [38], "excluded_lines": []}, "convert_tco_result_to_model_runner_dict": {"executed_lines": [76, 82, 91, 92, 94, 99, 100, 104, 108, 109, 113], "summary": {"covered_lines": 11, "num_statements": 11, "percent_covered": 100.0, "percent_covered_display": "100.00", "missing_lines": 0, "excluded_lines": 0}, "missing_lines": [], "excluded_lines": []}, "": {"executed_lines": [1, 11, 13, 15, 16, 17, 19, 25, 63], "summary": {"covered_lines": 9, "num_statements": 9, "percent_covered": 100.0, "percent_covered_display": "100.00", "missing_lines": 0, "excluded_lines": 0}, "missing_lines": [], "excluded_lines": []}}, "classes": {"": {"executed_lines": [1, 11, 13, 15, 16, 17, 19, 25, 37, 40, 41, 46, 48, 50, 51, 56, 58, 60, 63, 76, 82, 91, 92, 94, 99, 100, 104, 108, 109, 113], "summary": {"covered_lines": 30, "num_statements": 31, "percent_covered": 96.7741935483871, "percent_covered_display": "96.77", "missing_lines": 1, "excluded_lines": 0}, "missing_lines": [38], "excluded_lines": []}}}, "tco_app/services/scenario_application_service.py": {"executed_lines": [1, 3, 4, 5, 6, 8, 9, 11, 14, 15, 16, 18, 19, 20, 21, 22, 25, 26, 28, 30, 32, 43, 45, 46, 53, 55, 57, 76, 78, 80, 86, 87, 88, 89, 90, 91, 95, 97, 115, 116, 121, 123, 128, 129, 133, 141, 146, 149, 154, 156, 158, 162, 163, 165, 168, 169, 170, 172, 173, 174, 175, 179, 183, 184, 185, 186, 191, 192, 193, 194, 197, 207, 220, 225, 226, 227, 229, 236, 237, 238, 239, 261, 266, 270, 274, 277, 278, 280, 281, 283, 284, 285, 286, 296, 298, 300, 302], "summary": {"covered_lines": 94, "num_statements": 124, "percent_covered": 75.80645161290323, "percent_covered_display": "75.81", "missing_lines": 30, "excluded_lines": 0}, "missing_lines": [83, 117, 118, 124, 125, 171, 177, 201, 205, 211, 212, 213, 214, 218, 230, 233, 243, 244, 245, 246, 250, 251, 252, 253, 258, 259, 271, 272, 279, 291], "excluded_lines": [], "functions": {"ScenarioApplicationService.__init__": {"executed_lines": [30], "summary": {"covered_lines": 1, "num_statements": 1, "percent_covered": 100.0, "percent_covered_display": "100.00", "missing_lines": 0, "excluded_lines": 0}, "missing_lines": [], "excluded_lines": []}, "ScenarioApplicationService.parse_scenario_params": {"executed_lines": [43, 45, 46, 53, 55], "summary": {"covered_lines": 5, "num_statements": 5, "percent_covered": 100.0, "percent_covered_display": "100.00", "missing_lines": 0, "excluded_lines": 0}, "missing_lines": [], "excluded_lines": []}, "ScenarioApplicationService.apply_modifications": {"executed_lines": [76, 78, 80, 86, 87, 88, 89, 90, 91, 95], "summary": {"covered_lines": 10, "num_statements": 11, "percent_covered": 90.9090909090909, "percent_covered_display": "90.91", "missing_lines": 1, "excluded_lines": 0}, "missing_lines": [83], "excluded_lines": []}, "ScenarioApplicationService.apply_scenario_by_id": {"executed_lines": [115, 116, 121, 123, 128, 129], "summary": {"covered_lines": 6, "num_statements": 10, "percent_covered": 60.0, "percent_covered_display": "60.00", "missing_lines": 4, "excluded_lines": 0}, "missing_lines": [117, 118, 124, 125], "excluded_lines": []}, "ScenarioApplicationService._should_apply_modification": {"executed_lines": [141, 146, 149, 154, 156], "summary": {"covered_lines": 5, "num_statements": 5, "percent_covered": 100.0, "percent_covered_display": "100.00", "missing_lines": 0, "excluded_lines": 0}, "missing_lines": [], "excluded_lines": []}, "ScenarioApplicationService._apply_single_modification": {"executed_lines": [162, 163, 165, 168, 169, 170, 172, 173, 174, 175], "summary": {"covered_lines": 10, "num_statements": 12, "percent_covered": 83.33333333333333, "percent_covered_display": "83.33", "missing_lines": 2, "excluded_lines": 0}, "missing_lines": [171, 177], "excluded_lines": []}, "ScenarioApplicationService._apply_financial_param": {"executed_lines": [183, 184, 185, 186, 191, 192, 193, 194, 197], "summary": {"covered_lines": 9, "num_statements": 11, "percent_covered": 81.81818181818181, "percent_covered_display": "81.82", "missing_lines": 2, "excluded_lines": 0}, "missing_lines": [201, 205], "excluded_lines": []}, "ScenarioApplicationService._apply_battery_param": {"executed_lines": [], "summary": {"covered_lines": 0, "num_statements": 5, "percent_covered": 0.0, "percent_covered_display": "0.00", "missing_lines": 5, "excluded_lines": 0}, "missing_lines": [211, 212, 213, 214, 218], "excluded_lines": []}, "ScenarioApplicationService._apply_vehicle_modifier": {"executed_lines": [225, 226, 227, 229, 236, 237, 238, 239, 261], "summary": {"covered_lines": 9, "num_statements": 21, "percent_covered": 42.857142857142854, "percent_covered_display": "42.86", "missing_lines": 12, "excluded_lines": 0}, "missing_lines": [230, 233, 243, 244, 245, 246, 250, 251, 252, 253, 258, 259], "excluded_lines": []}, "ScenarioApplicationService._apply_incentive_modifier": {"executed_lines": [270, 274, 277, 278, 280, 281, 283, 284, 285, 286], "summary": {"covered_lines": 10, "num_statements": 14, "percent_covered": 71.42857142857143, "percent_covered_display": "71.43", "missing_lines": 4, "excluded_lines": 0}, "missing_lines": [271, 272, 279, 291], "excluded_lines": []}, "ScenarioApplicationService.get_applied_modifications": {"executed_lines": [298], "summary": {"covered_lines": 1, "num_statements": 1, "percent_covered": 100.0, "percent_covered_display": "100.00", "missing_lines": 0, "excluded_lines": 0}, "missing_lines": [], "excluded_lines": []}, "ScenarioApplicationService.clear_applied_modifications": {"executed_lines": [302], "summary": {"covered_lines": 1, "num_statements": 1, "percent_covered": 100.0, "percent_covered_display": "100.00", "missing_lines": 0, "excluded_lines": 0}, "missing_lines": [], "excluded_lines": []}, "": {"executed_lines": [1, 3, 4, 5, 6, 8, 9, 11, 14, 15, 16, 18, 19, 20, 21, 22, 25, 26, 28, 32, 57, 97, 133, 158, 179, 207, 220, 266, 296, 300], "summary": {"covered_lines": 27, "num_statements": 27, "percent_covered": 100.0, "percent_covered_display": "100.00", "missing_lines": 0, "excluded_lines": 0}, "missing_lines": [], "excluded_lines": []}}, "classes": {"ScenarioModification": {"executed_lines": [], "summary": {"covered_lines": 0, "num_statements": 0, "percent_covered": 100.0, "percent_covered_display": "100.00", "missing_lines": 0, "excluded_lines": 0}, "missing_lines": [], "excluded_lines": []}, "ScenarioApplicationService": {"executed_lines": [30, 43, 45, 46, 53, 55, 76, 78, 80, 86, 87, 88, 89, 90, 91, 95, 115, 116, 121, 123, 128, 129, 141, 146, 149, 154, 156, 162, 163, 165, 168, 169, 170, 172, 173, 174, 175, 183, 184, 185, 186, 191, 192, 193, 194, 197, 225, 226, 227, 229, 236, 237, 238, 239, 261, 270, 274, 277, 278, 280, 281, 283, 284, 285, 286, 298, 302], "summary": {"covered_lines": 67, "num_statements": 97, "percent_covered": 69.0721649484536, "percent_covered_display": "69.07", "missing_lines": 30, "excluded_lines": 0}, "missing_lines": [83, 117, 118, 124, 125, 171, 177, 201, 205, 211, 212, 213, 214, 218, 230, 233, 243, 244, 245, 246, 250, 251, 252, 253, 258, 259, 271, 272, 279, 291], "excluded_lines": []}, "": {"executed_lines": [1, 3, 4, 5, 6, 8, 9, 11, 14, 15, 16, 18, 19, 20, 21, 22, 25, 26, 28, 32, 57, 97, 133, 158, 179, 207, 220, 266, 296, 300], "summary": {"covered_lines": 27, "num_statements": 27, "percent_covered": 100.0, "percent_covered_display": "100.00", "missing_lines": 0, "excluded_lines": 0}, "missing_lines": [], "excluded_lines": []}}}, "tco_app/services/scenario_service.py": {"executed_lines": [1, 7, 9, 11, 12, 13, 15, 20, 26, 92], "summary": {"covered_lines": 9, "num_statements": 30, "percent_covered": 30.0, "percent_covered_display": "30.00", "missing_lines": 21, "excluded_lines": 0}, "missing_lines": [36, 37, 38, 40, 47, 51, 53, 60, 61, 65, 77, 85, 87, 89, 98, 99, 100, 101, 103, 104, 105], "excluded_lines": [], "functions": {"apply_scenario_parameters": {"executed_lines": [], "summary": {"covered_lines": 0, "num_statements": 14, "percent_covered": 0.0, "percent_covered_display": "0.00", "missing_lines": 14, "excluded_lines": 0}, "missing_lines": [36, 37, 38, 40, 47, 51, 53, 60, 61, 65, 77, 85, 87, 89], "excluded_lines": []}, "display_scenario_parameters": {"executed_lines": [], "summary": {"covered_lines": 0, "num_statements": 7, "percent_covered": 0.0, "percent_covered_display": "0.00", "missing_lines": 7, "excluded_lines": 0}, "missing_lines": [98, 99, 100, 101, 103, 104, 105], "excluded_lines": []}, "": {"executed_lines": [1, 7, 9, 11, 12, 13, 15, 20, 26, 92], "summary": {"covered_lines": 9, "num_statements": 9, "percent_covered": 100.0, "percent_covered_display": "100.00", "missing_lines": 0, "excluded_lines": 0}, "missing_lines": [], "excluded_lines": []}}, "classes": {"": {"executed_lines": [1, 7, 9, 11, 12, 13, 15, 20, 26, 92], "summary": {"covered_lines": 9, "num_statements": 30, "percent_covered": 30.0, "percent_covered_display": "30.00", "missing_lines": 21, "excluded_lines": 0}, "missing_lines": [36, 37, 38, 40, 47, 51, 53, 60, 61, 65, 77, 85, 87, 89, 98, 99, 100, 101, 103, 104, 105], "excluded_lines": []}}}, "tco_app/services/tco_calculation_service.py": {"executed_lines": [1, 3, 5, 8, 13, 16, 17, 18, 22, 25, 28, 35, 38, 39, 42, 43, 51, 59, 63, 64, 65, 66, 68, 69, 70, 72, 73, 74, 76, 77, 78, 80, 81, 82, 84, 85, 86, 88, 89, 99, 100, 105, 109, 113, 115, 117, 130, 137, 142, 146, 148, 157, 163, 168, 172, 174, 182, 186, 193, 195, 197, 199, 200, 201, 208, 210, 212, 214, 222, 224, 228, 230, 231, 232, 234, 236, 240, 244, 246, 251, 259, 262, 264, 267, 272, 278, 289, 292, 305, 311, 316, 321, 322, 327, 361, 365, 366, 368, 372, 375, 376, 377, 378, 380, 382, 389, 401, 405, 406, 417, 420, 426, 427, 431, 450, 460, 461, 462, 463, 464, 465, 467, 479, 482], "summary": {"covered_lines": 123, "num_statements": 126, "percent_covered": 97.61904761904762, "percent_covered_display": "97.62", "missing_lines": 3, "excluded_lines": 0}, "missing_lines": [241, 323, 387], "excluded_lines": [], "functions": {"TCOCalculationService.__init__": {"executed_lines": [42, 43], "summary": {"covered_lines": 2, "num_statements": 2, "percent_covered": 100.0, "percent_covered_display": "100.00", "missing_lines": 0, "excluded_lines": 0}, "missing_lines": [], "excluded_lines": []}, "TCOCalculationService.calculate_single_vehicle_tco": {"executed_lines": [59, 63, 64, 65, 66, 68, 69, 70, 72, 73, 74, 76, 77, 78, 80, 81, 82, 84, 85, 86, 88, 89, 99, 100, 105, 109], "summary": {"covered_lines": 26, "num_statements": 26, "percent_covered": 100.0, "percent_covered_display": "100.00", "missing_lines": 0, "excluded_lines": 0}, "missing_lines": [], "excluded_lines": []}, "TCOCalculationService._calculate_energy_costs": {"executed_lines": [115, 117, 130, 137], "summary": {"covered_lines": 4, "num_statements": 4, "percent_covered": 100.0, "percent_covered_display": "100.00", "missing_lines": 0, "excluded_lines": 0}, "missing_lines": [], "excluded_lines": []}, "TCOCalculationService._calculate_annual_costs": {"executed_lines": [146, 148, 157, 163], "summary": {"covered_lines": 4, "num_statements": 4, "percent_covered": 100.0, "percent_covered_display": "100.00", "missing_lines": 0, "excluded_lines": 0}, "missing_lines": [], "excluded_lines": []}, "TCOCalculationService._calculate_acquisition_costs": {"executed_lines": [172, 174, 182, 186, 193], "summary": {"covered_lines": 5, "num_statements": 5, "percent_covered": 100.0, "percent_covered_display": "100.00", "missing_lines": 0, "excluded_lines": 0}, "missing_lines": [], "excluded_lines": []}, "TCOCalculationService._calculate_battery_costs": {"executed_lines": [197, 199, 200, 201, 208], "summary": {"covered_lines": 5, "num_statements": 5, "percent_covered": 100.0, "percent_covered_display": "100.00", "missing_lines": 0, "excluded_lines": 0}, "missing_lines": [], "excluded_lines": []}, "TCOCalculationService._calculate_externalities": {"executed_lines": [212, 214, 222], "summary": {"covered_lines": 3, "num_statements": 3, "percent_covered": 100.0, "percent_covered_display": "100.00", "missing_lines": 0, "excluded_lines": 0}, "missing_lines": [], "excluded_lines": []}, "TCOCalculationService._calculate_infrastructure_costs": {"executed_lines": [228, 230, 231, 232, 234, 236, 240, 244, 246, 251, 259, 262, 264, 267, 272], "summary": {"covered_lines": 15, "num_statements": 16, "percent_covered": 93.75, "percent_covered_display": "93.75", "missing_lines": 1, "excluded_lines": 0}, "missing_lines": [241], "excluded_lines": []}, "TCOCalculationService._assemble_tco_result": {"executed_lines": [289, 292, 305, 311, 316, 321, 322, 327], "summary": {"covered_lines": 8, "num_statements": 9, "percent_covered": 88.88888888888889, "percent_covered_display": "88.89", "missing_lines": 1, "excluded_lines": 0}, "missing_lines": [323], "excluded_lines": []}, "TCOCalculationService._calculate_tco_metrics": {"executed_lines": [365, 366, 368, 372, 375, 376, 377, 378, 380], "summary": {"covered_lines": 9, "num_statements": 9, "percent_covered": 100.0, "percent_covered_display": "100.00", "missing_lines": 0, "excluded_lines": 0}, "missing_lines": [], "excluded_lines": []}, "TCOCalculationService._convert_tco_result_to_model_runner_dict": {"executed_lines": [], "summary": {"covered_lines": 0, "num_statements": 1, "percent_covered": 0.0, "percent_covered_display": "0.00", "missing_lines": 1, "excluded_lines": 0}, "missing_lines": [387], "excluded_lines": []}, "TCOCalculationService.compare_vehicles": {"executed_lines": [401, 405, 406, 417, 420, 426, 427, 431, 450, 460, 461, 462, 463, 464, 465, 467, 479, 482], "summary": {"covered_lines": 18, "num_statements": 18, "percent_covered": 100.0, "percent_covered_display": "100.00", "missing_lines": 0, "excluded_lines": 0}, "missing_lines": [], "excluded_lines": []}, "": {"executed_lines": [1, 3, 5, 8, 13, 16, 17, 18, 22, 25, 28, 35, 38, 39, 51, 113, 142, 168, 195, 210, 224, 278, 361, 382, 389], "summary": {"covered_lines": 24, "num_statements": 24, "percent_covered": 100.0, "percent_covered_display": "100.00", "missing_lines": 0, "excluded_lines": 0}, "missing_lines": [], "excluded_lines": []}}, "classes": {"TCOCalculationService": {"executed_lines": [42, 43, 59, 63, 64, 65, 66, 68, 69, 70, 72, 73, 74, 76, 77, 78, 80, 81, 82, 84, 85, 86, 88, 89, 99, 100, 105, 109, 115, 117, 130, 137, 146, 148, 157, 163, 172, 174, 182, 186, 193, 197, 199, 200, 201, 208, 212, 214, 222, 228, 230, 231, 232, 234, 236, 240, 244, 246, 251, 259, 262, 264, 267, 272, 289, 292, 305, 311, 316, 321, 322, 327, 365, 366, 368, 372, 375, 376, 377, 378, 380, 401, 405, 406, 417, 420, 426, 427, 431, 450, 460, 461, 462, 463, 464, 465, 467, 479, 482], "summary": {"covered_lines": 99, "num_statements": 102, "percent_covered": 97.05882352941177, "percent_covered_display": "97.06", "missing_lines": 3, "excluded_lines": 0}, "missing_lines": [241, 323, 387], "excluded_lines": []}, "": {"executed_lines": [1, 3, 5, 8, 13, 16, 17, 18, 22, 25, 28, 35, 38, 39, 51, 113, 142, 168, 195, 210, 224, 278, 361, 382, 389], "summary": {"covered_lines": 24, "num_statements": 24, "percent_covered": 100.0, "percent_covered_display": "100.00", "missing_lines": 0, "excluded_lines": 0}, "missing_lines": [], "excluded_lines": []}}}, "tco_app/src/__init__.py": {"executed_lines": [1, 4, 32, 41, 43], "summary": {"covered_lines": 4, "num_statements": 4, "percent_covered": 100.0, "percent_covered_display": "100.00", "missing_lines": 0, "excluded_lines": 0}, "missing_lines": [], "excluded_lines": [], "functions": {"": {"executed_lines": [1, 4, 32, 41, 43], "summary": {"covered_lines": 4, "num_statements": 4, "percent_covered": 100.0, "percent_covered_display": "100.00", "missing_lines": 0, "excluded_lines": 0}, "missing_lines": [], "excluded_lines": []}}, "classes": {"": {"executed_lines": [1, 4, 32, 41, 43], "summary": {"covered_lines": 4, "num_statements": 4, "percent_covered": 100.0, "percent_covered_display": "100.00", "missing_lines": 0, "excluded_lines": 0}, "missing_lines": [], "excluded_lines": []}}}, "tco_app/src/config.py": {"executed_lines": [1, 7, 10, 11, 12, 15, 16, 17, 20, 23, 24, 27, 28, 29, 32, 33, 34, 37, 38, 39, 42, 43, 44, 47, 48, 51, 52, 55, 56, 57, 60, 61, 62, 63, 66, 69, 70, 71, 74, 75, 78, 79, 80, 83, 86, 87, 90, 91, 92, 95, 96, 97, 100, 101, 104, 105, 109, 110, 111, 112, 113, 117], "summary": {"covered_lines": 56, "num_statements": 56, "percent_covered": 100.0, "percent_covered_display": "100.00", "missing_lines": 0, "excluded_lines": 0}, "missing_lines": [], "excluded_lines": [], "functions": {"": {"executed_lines": [1, 7, 10, 11, 12, 15, 16, 17, 20, 23, 24, 27, 28, 29, 32, 33, 34, 37, 38, 39, 42, 43, 44, 47, 48, 51, 52, 55, 56, 57, 60, 61, 62, 63, 66, 69, 70, 71, 74, 75, 78, 79, 80, 83, 86, 87, 90, 91, 92, 95, 96, 97, 100, 101, 104, 105, 109, 110, 111, 112, 113, 117], "summary": {"covered_lines": 56, "num_statements": 56, "percent_covered": 100.0, "percent_covered_display": "100.00", "missing_lines": 0, "excluded_lines": 0}, "missing_lines": [], "excluded_lines": []}}, "classes": {"CalculationDefaults": {"executed_lines": [], "summary": {"covered_lines": 0, "num_statements": 0, "percent_covered": 100.0, "percent_covered_display": "100.00", "missing_lines": 0, "excluded_lines": 0}, "missing_lines": [], "excluded_lines": []}, "ValidationLimits": {"executed_lines": [], "summary": {"covered_lines": 0, "num_statements": 0, "percent_covered": 100.0, "percent_covered_display": "100.00", "missing_lines": 0, "excluded_lines": 0}, "missing_lines": [], "excluded_lines": []}, "UIConfig": {"executed_lines": [], "summary": {"covered_lines": 0, "num_statements": 0, "percent_covered": 100.0, "percent_covered_display": "100.00", "missing_lines": 0, "excluded_lines": 0}, "missing_lines": [], "excluded_lines": []}, "PerformanceConfig": {"executed_lines": [], "summary": {"covered_lines": 0, "num_statements": 0, "percent_covered": 100.0, "percent_covered_display": "100.00", "missing_lines": 0, "excluded_lines": 0}, "missing_lines": [], "excluded_lines": []}, "EmissionConstants": {"executed_lines": [], "summary": {"covered_lines": 0, "num_statements": 0, "percent_covered": 100.0, "percent_covered_display": "100.00", "missing_lines": 0, "excluded_lines": 0}, "missing_lines": [], "excluded_lines": []}, "": {"executed_lines": [1, 7, 10, 11, 12, 15, 16, 17, 20, 23, 24, 27, 28, 29, 32, 33, 34, 37, 38, 39, 42, 43, 44, 47, 48, 51, 52, 55, 56, 57, 60, 61, 62, 63, 66, 69, 70, 71, 74, 75, 78, 79, 80, 83, 86, 87, 90, 91, 92, 95, 96, 97, 100, 101, 104, 105, 109, 110, 111, 112, 113, 117], "summary": {"covered_lines": 56, "num_statements": 56, "percent_covered": 100.0, "percent_covered_display": "100.00", "missing_lines": 0, "excluded_lines": 0}, "missing_lines": [], "excluded_lines": []}}}, "tco_app/src/constants.py": {"executed_lines": [1, 4, 5, 6, 10, 11, 12, 13, 16, 17, 18, 20, 21, 24, 25, 26, 28, 29, 32, 33, 40, 41, 44, 45, 48, 49, 50, 51, 52, 53, 54, 55, 56, 57, 58, 59, 60, 61, 62, 63, 64, 65, 68, 69, 70, 71, 74, 75, 76, 77, 78, 79, 80, 81, 82, 85, 86, 87, 88, 89, 92, 93, 94, 95, 96, 99, 100, 101, 102, 103, 106, 107, 110, 111, 112, 115, 116, 117, 120, 121, 122, 125, 126, 127, 130, 131, 132, 133, 134, 135, 136, 137, 138, 139, 142, 143, 144, 145, 146, 147, 148, 151, 152, 155, 156, 157, 159, 160, 161, 162, 163, 164, 173], "summary": {"covered_lines": 107, "num_statements": 107, "percent_covered": 100.0, "percent_covered_display": "100.00", "missing_lines": 0, "excluded_lines": 0}, "missing_lines": [], "excluded_lines": [], "functions": {"": {"executed_lines": [1, 4, 5, 6, 10, 11, 12, 13, 16, 17, 18, 20, 21, 24, 25, 26, 28, 29, 32, 33, 40, 41, 44, 45, 48, 49, 50, 51, 52, 53, 54, 55, 56, 57, 58, 59, 60, 61, 62, 63, 64, 65, 68, 69, 70, 71, 74, 75, 76, 77, 78, 79, 80, 81, 82, 85, 86, 87, 88, 89, 92, 93, 94, 95, 96, 99, 100, 101, 102, 103, 106, 107, 110, 111, 112, 115, 116, 117, 120, 121, 122, 125, 126, 127, 130, 131, 132, 133, 134, 135, 136, 137, 138, 139, 142, 143, 144, 145, 146, 147, 148, 151, 152, 155, 156, 157, 159, 160, 161, 162, 163, 164, 173], "summary": {"covered_lines": 107, "num_statements": 107, "percent_covered": 100.0, "percent_covered_display": "100.00", "missing_lines": 0, "excluded_lines": 0}, "missing_lines": [], "excluded_lines": []}}, "classes": {"Drivetrain": {"executed_lines": [], "summary": {"covered_lines": 0, "num_statements": 0, "percent_covered": 100.0, "percent_covered_display": "100.00", "missing_lines": 0, "excluded_lines": 0}, "missing_lines": [], "excluded_lines": []}, "FuelType": {"executed_lines": [], "summary": {"covered_lines": 0, "num_statements": 0, "percent_covered": 100.0, "percent_covered_display": "100.00", "missing_lines": 0, "excluded_lines": 0}, "missing_lines": [], "excluded_lines": []}, "EmissionStandard": {"executed_lines": [], "summary": {"covered_lines": 0, "num_statements": 0, "percent_covered": 100.0, "percent_covered_display": "100.00", "missing_lines": 0, "excluded_lines": 0}, "missing_lines": [], "excluded_lines": []}, "DataColumns": {"executed_lines": [], "summary": {"covered_lines": 0, "num_statements": 0, "percent_covered": 100.0, "percent_covered_display": "100.00", "missing_lines": 0, "excluded_lines": 0}, "missing_lines": [], "excluded_lines": []}, "ParameterKeys": {"executed_lines": [], "summary": {"covered_lines": 0, "num_statements": 0, "percent_covered": 100.0, "percent_covered_display": "100.00", "missing_lines": 0, "excluded_lines": 0}, "missing_lines": [], "excluded_lines": []}, "IncentiveTypes": {"executed_lines": [], "summary": {"covered_lines": 0, "num_statements": 0, "percent_covered": 100.0, "percent_covered_display": "100.00", "missing_lines": 0, "excluded_lines": 0}, "missing_lines": [], "excluded_lines": []}, "": {"executed_lines": [1, 4, 5, 6, 10, 11, 12, 13, 16, 17, 18, 20, 21, 24, 25, 26, 28, 29, 32, 33, 40, 41, 44, 45, 48, 49, 50, 51, 52, 53, 54, 55, 56, 57, 58, 59, 60, 61, 62, 63, 64, 65, 68, 69, 70, 71, 74, 75, 76, 77, 78, 79, 80, 81, 82, 85, 86, 87, 88, 89, 92, 93, 94, 95, 96, 99, 100, 101, 102, 103, 106, 107, 110, 111, 112, 115, 116, 117, 120, 121, 122, 125, 126, 127, 130, 131, 132, 133, 134, 135, 136, 137, 138, 139, 142, 143, 144, 145, 146, 147, 148, 151, 152, 155, 156, 157, 159, 160, 161, 162, 163, 164, 173], "summary": {"covered_lines": 107, "num_statements": 107, "percent_covered": 100.0, "percent_covered_display": "100.00", "missing_lines": 0, "excluded_lines": 0}, "missing_lines": [], "excluded_lines": []}}}, "tco_app/src/data_loading.py": {"executed_lines": [1, 3, 4, 5, 7, 8, 15, 16, 18, 21, 25, 26, 28, 35, 38, 52, 70, 71], "summary": {"covered_lines": 14, "num_statements": 27, "percent_covered": 51.851851851851855, "percent_covered_display": "51.85", "missing_lines": 13, "excluded_lines": 4}, "missing_lines": [29, 36, 39, 40, 41, 44, 55, 56, 57, 60, 62, 82, 83], "excluded_lines": [18, 19, 21, 22], "functions": {"TableRepository.get": {"executed_lines": [], "summary": {"covered_lines": 0, "num_statements": 0, "percent_covered": 100.0, "percent_covered_display": "100.00", "missing_lines": 0, "excluded_lines": 1}, "missing_lines": [], "excluded_lines": [19]}, "TableRepository.list_tables": {"executed_lines": [], "summary": {"covered_lines": 0, "num_statements": 0, "percent_covered": 100.0, "percent_covered_display": "100.00", "missing_lines": 0, "excluded_lines": 1}, "missing_lines": [], "excluded_lines": [22]}, "CSVRepository.__init__": {"executed_lines": [], "summary": {"covered_lines": 0, "num_statements": 1, "percent_covered": 0.0, "percent_covered_display": "0.00", "missing_lines": 1, "excluded_lines": 0}, "missing_lines": [29], "excluded_lines": []}, "CSVRepository.list_tables": {"executed_lines": [], "summary": {"covered_lines": 0, "num_statements": 1, "percent_covered": 0.0, "percent_covered_display": "0.00", "missing_lines": 1, "excluded_lines": 0}, "missing_lines": [36], "excluded_lines": []}, "CSVRepository.get": {"executed_lines": [], "summary": {"covered_lines": 0, "num_statements": 4, "percent_covered": 0.0, "percent_covered_display": "0.00", "missing_lines": 4, "excluded_lines": 0}, "missing_lines": [39, 40, 41, 44], "excluded_lines": []}, "_default_repository": {"executed_lines": [], "summary": {"covered_lines": 0, "num_statements": 5, "percent_covered": 0.0, "percent_covered_display": "0.00", "missing_lines": 5, "excluded_lines": 0}, "missing_lines": [55, 56, 57, 60, 62], "excluded_lines": []}, "load_data": {"executed_lines": [], "summary": {"covered_lines": 0, "num_statements": 2, "percent_covered": 0.0, "percent_covered_display": "0.00", "missing_lines": 2, "excluded_lines": 0}, "missing_lines": [82, 83], "excluded_lines": []}, "": {"executed_lines": [1, 3, 4, 5, 7, 8, 15, 16, 18, 21, 25, 26, 28, 35, 38, 52, 70, 71], "summary": {"covered_lines": 14, "num_statements": 14, "percent_covered": 100.0, "percent_covered_display": "100.00", "missing_lines": 0, "excluded_lines": 2}, "missing_lines": [], "excluded_lines": [18, 21]}}, "classes": {"TableRepository": {"executed_lines": [], "summary": {"covered_lines": 0, "num_statements": 0, "percent_covered": 100.0, "percent_covered_display": "100.00", "missing_lines": 0, "excluded_lines": 2}, "missing_lines": [], "excluded_lines": [19, 22]}, "CSVRepository": {"executed_lines": [], "summary": {"covered_lines": 0, "num_statements": 6, "percent_covered": 0.0, "percent_covered_display": "0.00", "missing_lines": 6, "excluded_lines": 0}, "missing_lines": [29, 36, 39, 40, 41, 44], "excluded_lines": []}, "": {"executed_lines": [1, 3, 4, 5, 7, 8, 15, 16, 18, 21, 25, 26, 28, 35, 38, 52, 70, 71], "summary": {"covered_lines": 14, "num_statements": 21, "percent_covered": 66.66666666666667, "percent_covered_display": "66.67", "missing_lines": 7, "excluded_lines": 2}, "missing_lines": [55, 56, 57, 60, 62, 82, 83], "excluded_lines": [18, 21]}}}, "tco_app/src/exceptions.py": {"executed_lines": [1, 3, 6, 7, 9, 12, 13, 15, 16, 17, 18, 21, 22, 24, 25, 26, 29, 30, 32, 33, 34, 37, 38, 40, 43, 44, 46, 47, 48, 49, 52, 53, 55], "summary": {"covered_lines": 25, "num_statements": 27, "percent_covered": 92.5925925925926, "percent_covered_display": "92.59", "missing_lines": 2, "excluded_lines": 0}, "missing_lines": [56, 57], "excluded_lines": [], "functions": {"DataNotFoundError.__init__": {"executed_lines": [16, 17, 18], "summary": {"covered_lines": 3, "num_statements": 3, "percent_covered": 100.0, "percent_covered_display": "100.00", "missing_lines": 0, "excluded_lines": 0}, "missing_lines": [], "excluded_lines": []}, "CalculationError.__init__": {"executed_lines": [25, 26], "summary": {"covered_lines": 2, "num_statements": 2, "percent_covered": 100.0, "percent_covered_display": "100.00", "missing_lines": 0, "excluded_lines": 0}, "missing_lines": [], "excluded_lines": []}, "InvalidVehicleError.__init__": {"executed_lines": [33, 34], "summary": {"covered_lines": 2, "num_statements": 2, "percent_covered": 100.0, "percent_covered_display": "100.00", "missing_lines": 0, "excluded_lines": 0}, "missing_lines": [], "excluded_lines": []}, "ParameterError.__init__": {"executed_lines": [47, 48, 49], "summary": {"covered_lines": 3, "num_statements": 3, "percent_covered": 100.0, "percent_covered_display": "100.00", "missing_lines": 0, "excluded_lines": 0}, "missing_lines": [], "excluded_lines": []}, "VehicleNotFoundError.__init__": {"executed_lines": [], "summary": {"covered_lines": 0, "num_statements": 2, "percent_covered": 0.0, "percent_covered_display": "0.00", "missing_lines": 2, "excluded_lines": 0}, "missing_lines": [56, 57], "excluded_lines": []}, "": {"executed_lines": [1, 3, 6, 7, 9, 12, 13, 15, 21, 22, 24, 29, 30, 32, 37, 38, 40, 43, 44, 46, 52, 53, 55], "summary": {"covered_lines": 15, "num_statements": 15, "percent_covered": 100.0, "percent_covered_display": "100.00", "missing_lines": 0, "excluded_lines": 0}, "missing_lines": [], "excluded_lines": []}}, "classes": {"TCOBaseException": {"executed_lines": [], "summary": {"covered_lines": 0, "num_statements": 0, "percent_covered": 100.0, "percent_covered_display": "100.00", "missing_lines": 0, "excluded_lines": 0}, "missing_lines": [], "excluded_lines": []}, "DataNotFoundError": {"executed_lines": [16, 17, 18], "summary": {"covered_lines": 3, "num_statements": 3, "percent_covered": 100.0, "percent_covered_display": "100.00", "missing_lines": 0, "excluded_lines": 0}, "missing_lines": [], "excluded_lines": []}, "CalculationError": {"executed_lines": [25, 26], "summary": {"covered_lines": 2, "num_statements": 2, "percent_covered": 100.0, "percent_covered_display": "100.00", "missing_lines": 0, "excluded_lines": 0}, "missing_lines": [], "excluded_lines": []}, "InvalidVehicleError": {"executed_lines": [33, 34], "summary": {"covered_lines": 2, "num_statements": 2, "percent_covered": 100.0, "percent_covered_display": "100.00", "missing_lines": 0, "excluded_lines": 0}, "missing_lines": [], "excluded_lines": []}, "ScenarioError": {"executed_lines": [], "summary": {"covered_lines": 0, "num_statements": 0, "percent_covered": 100.0, "percent_covered_display": "100.00", "missing_lines": 0, "excluded_lines": 0}, "missing_lines": [], "excluded_lines": []}, "ParameterError": {"executed_lines": [47, 48, 49], "summary": {"covered_lines": 3, "num_statements": 3, "percent_covered": 100.0, "percent_covered_display": "100.00", "missing_lines": 0, "excluded_lines": 0}, "missing_lines": [], "excluded_lines": []}, "VehicleNotFoundError": {"executed_lines": [], "summary": {"covered_lines": 0, "num_statements": 2, "percent_covered": 0.0, "percent_covered_display": "0.00", "missing_lines": 2, "excluded_lines": 0}, "missing_lines": [56, 57], "excluded_lines": []}, "": {"executed_lines": [1, 3, 6, 7, 9, 12, 13, 15, 21, 22, 24, 29, 30, 32, 37, 38, 40, 43, 44, 46, 52, 53, 55], "summary": {"covered_lines": 15, "num_statements": 15, "percent_covered": 100.0, "percent_covered_display": "100.00", "missing_lines": 0, "excluded_lines": 0}, "missing_lines": [], "excluded_lines": []}}}, "tco_app/src/imports.py": {"executed_lines": [1, 8, 9, 12, 15, 29, 30, 31, 32, 33, 34, 35, 38], "summary": {"covered_lines": 12, "num_statements": 12, "percent_covered": 100.0, "percent_covered_display": "100.00", "missing_lines": 0, "excluded_lines": 0}, "missing_lines": [], "excluded_lines": [], "functions": {"": {"executed_lines": [1, 8, 9, 12, 15, 29, 30, 31, 32, 33, 34, 35, 38], "summary": {"covered_lines": 12, "num_statements": 12, "percent_covered": 100.0, "percent_covered_display": "100.00", "missing_lines": 0, "excluded_lines": 0}, "missing_lines": [], "excluded_lines": []}}, "classes": {"": {"executed_lines": [1, 8, 9, 12, 15, 29, 30, 31, 32, 33, 34, 35, 38], "summary": {"covered_lines": 12, "num_statements": 12, "percent_covered": 100.0, "percent_covered_display": "100.00", "missing_lines": 0, "excluded_lines": 0}, "missing_lines": [], "excluded_lines": []}}}, "tco_app/src/utils/__init__.py": {"executed_lines": [1], "summary": {"covered_lines": 0, "num_statements": 0, "percent_covered": 100.0, "percent_covered_display": "100.00", "missing_lines": 0, "excluded_lines": 0}, "missing_lines": [], "excluded_lines": [], "functions": {"": {"executed_lines": [], "summary": {"covered_lines": 0, "num_statements": 0, "percent_covered": 100.0, "percent_covered_display": "100.00", "missing_lines": 0, "excluded_lines": 0}, "missing_lines": [], "excluded_lines": []}}, "classes": {"": {"executed_lines": [], "summary": {"covered_lines": 0, "num_statements": 0, "percent_covered": 100.0, "percent_covered_display": "100.00", "missing_lines": 0, "excluded_lines": 0}, "missing_lines": [], "excluded_lines": []}}}, "tco_app/src/utils/battery.py": {"executed_lines": [1, 8, 10, 11, 13, 15, 17, 18, 20, 25, 52, 59, 64, 72, 77, 82, 89, 93, 94, 97, 102, 106], "summary": {"covered_lines": 21, "num_statements": 24, "percent_covered": 87.5, "percent_covered_display": "87.50", "missing_lines": 3, "excluded_lines": 0}, "missing_lines": [53, 62, 65], "excluded_lines": [], "functions": {"calculate_battery_replacement": {"executed_lines": [52, 59, 64, 72, 77, 82, 89, 93, 94, 97, 102, 106], "summary": {"covered_lines": 12, "num_statements": 15, "percent_covered": 80.0, "percent_covered_display": "80.00", "missing_lines": 3, "excluded_lines": 0}, "missing_lines": [53, 62, 65], "excluded_lines": []}, "": {"executed_lines": [1, 8, 10, 11, 13, 15, 17, 18, 20, 25], "summary": {"covered_lines": 9, "num_statements": 9, "percent_covered": 100.0, "percent_covered_display": "100.00", "missing_lines": 0, "excluded_lines": 0}, "missing_lines": [], "excluded_lines": []}}, "classes": {"": {"executed_lines": [1, 8, 10, 11, 13, 15, 17, 18, 20, 25, 52, 59, 64, 72, 77, 82, 89, 93, 94, 97, 102, 106], "summary": {"covered_lines": 21, "num_statements": 24, "percent_covered": 87.5, "percent_covered_display": "87.50", "missing_lines": 3, "excluded_lines": 0}, "missing_lines": [53, 62, 65], "excluded_lines": []}}}, "tco_app/src/utils/calculation_optimisations.py": {"executed_lines": [1, 3, 4, 5, 6, 9, 10, 26, 37, 40, 41, 42, 43, 44, 45, 48, 49, 50, 51, 52, 60, 72, 75, 76, 79, 80, 99, 116, 117, 120, 123, 125, 128, 143, 144, 147, 150, 151, 169, 182, 183, 185], "summary": {"covered_lines": 41, "num_statements": 57, "percent_covered": 71.9298245614035, "percent_covered_display": "71.93", "missing_lines": 16, "excluded_lines": 0}, "missing_lines": [20, 21, 22, 23, 56, 57, 90, 91, 93, 94, 96, 160, 161, 163, 164, 166], "excluded_lines": [], "functions": {"fast_npv": {"executed_lines": [], "summary": {"covered_lines": 0, "num_statements": 4, "percent_covered": 0.0, "percent_covered_display": "0.00", "missing_lines": 4, "excluded_lines": 0}, "missing_lines": [20, 21, 22, 23], "excluded_lines": []}, "vectorised_annual_costs": {"executed_lines": [37, 40, 41, 42, 43, 44, 45, 48, 49, 50, 51, 52], "summary": {"covered_lines": 12, "num_statements": 14, "percent_covered": 85.71428571428571, "percent_covered_display": "85.71", "missing_lines": 2, "excluded_lines": 0}, "missing_lines": [56, 57], "excluded_lines": []}, "batch_vehicle_lookup": {"executed_lines": [72, 75, 76], "summary": {"covered_lines": 3, "num_statements": 3, "percent_covered": 100.0, "percent_covered_display": "100.00", "missing_lines": 0, "excluded_lines": 0}, "missing_lines": [], "excluded_lines": []}, "fast_discount_factors": {"executed_lines": [], "summary": {"covered_lines": 0, "num_statements": 5, "percent_covered": 0.0, "percent_covered_display": "0.00", "missing_lines": 5, "excluded_lines": 0}, "missing_lines": [90, 91, 93, 94, 96], "excluded_lines": []}, "optimised_tco_calculation": {"executed_lines": [116, 117, 120, 123, 125], "summary": {"covered_lines": 5, "num_statements": 5, "percent_covered": 100.0, "percent_covered_display": "100.00", "missing_lines": 0, "excluded_lines": 0}, "missing_lines": [], "excluded_lines": []}, "batch_parameter_lookup": {"executed_lines": [143, 144, 147], "summary": {"covered_lines": 3, "num_statements": 3, "percent_covered": 100.0, "pe
[...]
"covered_lines": 0, "num_statements": 15, "percent_covered": 0.0, "percent_covered_display": "0.00", "missing_lines": 15, "excluded_lines": 0}, "missing_lines": [14, 15, 16, 17, 21, 22, 24, 33, 35, 38, 45, 49, 53, 54, 56], "excluded_lines": []}, "": {"executed_lines": [1, 3, 4, 5, 7, 10, 11, 13, 19, 51], "summary": {"covered_lines": 8, "num_statements": 8, "percent_covered": 100.0, "percent_covered_display": "100.00", "missing_lines": 0, "excluded_lines": 0}, "missing_lines": [], "excluded_lines": []}}}, "tco_app/ui/builders/vehicle_builder.py": {"executed_lines": [1, 3, 4, 5, 7, 10, 11, 13, 19, 57], "summary": {"covered_lines": 8, "num_statements": 25, "percent_covered": 32.0, "percent_covered_display": "32.00", "missing_lines": 17, "excluded_lines": 0}, "missing_lines": [14, 15, 16, 17, 21, 23, 28, 31, 35, 44, 47, 50, 53, 55, 59, 62, 66], "excluded_lines": [], "functions": {"VehicleSelectionBuilder.__init__": {"executed_lines": [], "summary": {"covered_lines": 0, "num_statements": 4, "percent_covered": 0.0, "percent_covered_display": "0.00", "missing_lines": 4, "excluded_lines": 0}, "missing_lines": [14, 15, 16, 17], "excluded_lines": []}, "VehicleSelectionBuilder.select_vehicles": {"executed_lines": [], "summary": {"covered_lines": 0, "num_statements": 10, "percent_covered": 0.0, "percent_covered_display": "0.00", "missing_lines": 10, "excluded_lines": 0}, "missing_lines": [21, 23, 28, 31, 35, 44, 47, 50, 53, 55], "excluded_lines": []}, "VehicleSelectionBuilder.build": {"executed_lines": [], "summary": {"covered_lines": 0, "num_statements": 3, "percent_covered": 0.0, "percent_covered_display": "0.00", "missing_lines": 3, "excluded_lines": 0}, "missing_lines": [59, 62, 66], "excluded_lines": []}, "": {"executed_lines": [1, 3, 4, 5, 7, 10, 11, 13, 19, 57], "summary": {"covered_lines": 8, "num_statements": 8, "percent_covered": 100.0, "percent_covered_display": "100.00", "missing_lines": 0, "excluded_lines": 0}, "missing_lines": [], "excluded_lines": []}}, "classes": {"VehicleSelectionBuilder": {"executed_lines": [], "summary": {"covered_lines": 0, "num_statements": 17, "percent_covered": 0.0, "percent_covered_display": "0.00", "missing_lines": 17, "excluded_lines": 0}, "missing_lines": [14, 15, 16, 17, 21, 23, 28, 31, 35, 44, 47, 50, 53, 55, 59, 62, 66], "excluded_lines": []}, "": {"executed_lines": [1, 3, 4, 5, 7, 10, 11, 13, 19, 57], "summary": {"covered_lines": 8, "num_statements": 8, "percent_covered": 100.0, "percent_covered_display": "100.00", "missing_lines": 0, "excluded_lines": 0}, "missing_lines": [], "excluded_lines": []}}}, "tco_app/ui/calculation_orchestrator.py": {"executed_lines": [1, 3, 4, 6, 13, 14, 16, 19, 20, 22, 25, 26, 31, 35, 36, 39, 43, 46, 47, 51, 87, 90, 94, 107, 111, 113, 114, 121, 129, 131, 135, 141, 144, 145, 147, 148, 151, 179, 220, 321], "summary": {"covered_lines": 38, "num_statements": 98, "percent_covered": 38.775510204081634, "percent_covered_display": "38.78", "missing_lines": 60, "excluded_lines": 0}, "missing_lines": [112, 115, 118, 122, 125, 136, 139, 153, 154, 155, 156, 157, 161, 165, 166, 167, 168, 169, 173, 177, 181, 183, 184, 187, 191, 196, 202, 203, 205, 208, 210, 211, 212, 214, 215, 216, 218, 224, 225, 228, 229, 232, 233, 236, 237, 238, 243, 259, 264, 300, 301, 304, 308, 312, 313, 319, 329, 332, 350, 363], "excluded_lines": [], "functions": {"CalculationOrchestrator.__init__": {"executed_lines": [25, 26, 31, 35, 36, 39], "summary": {"covered_lines": 6, "num_statements": 6, "percent_covered": 100.0, "percent_covered_display": "100.00", "missing_lines": 0, "excluded_lines": 0}, "missing_lines": [], "excluded_lines": []}, "CalculationOrchestrator._build_calculation_request": {"executed_lines": [46, 47, 51, 87, 90, 94], "summary": {"covered_lines": 6, "num_statements": 6, "percent_covered": 100.0, "percent_covered_display": "100.00", "missing_lines": 0, "excluded_lines": 0}, "missing_lines": [], "excluded_lines": []}, "CalculationOrchestrator._apply_ui_overrides_to_financial_params": {"executed_lines": [111, 113, 114, 121, 129], "summary": {"covered_lines": 5, "num_statements": 10, "percent_covered": 50.0, "percent_covered_display": "50.00", "missing_lines": 5, "excluded_lines": 0}, "missing_lines": [112, 115, 118, 122, 125], "excluded_lines": []}, "CalculationOrchestrator._apply_ui_overrides_to_battery_params": {"executed_lines": [135, 141, 144, 145, 147, 148, 151], "summary": {"covered_lines": 7, "num_statements": 22, "percent_covered": 31.818181818181817, "percent_covered_display": "31.82", "missing_lines": 15, "excluded_lines": 0}, "missing_lines": [136, 139, 153, 154, 155, 156, 157, 161, 165, 166, 167, 168, 169, 173, 177], "excluded_lines": []}, "CalculationOrchestrator.perform_calculations": {"executed_lines": [], "summary": {"covered_lines": 0, "num_statements": 17, "percent_covered": 0.0, "percent_covered_display": "0.00", "missing_lines": 17, "excluded_lines": 0}, "missing_lines": [181, 183, 184, 187, 191, 196, 202, 203, 205, 208, 210, 211, 212, 214, 215, 216, 218], "excluded_lines": []}, "CalculationOrchestrator._transform_single_tco_result_for_ui": {"executed_lines": [], "summary": {"covered_lines": 0, "num_statements": 19, "percent_covered": 0.0, "percent_covered_display": "0.00", "missing_lines": 19, "excluded_lines": 0}, "missing_lines": [224, 225, 228, 229, 232, 233, 236, 237, 238, 243, 259, 264, 300, 301, 304, 308, 312, 313, 319], "excluded_lines": []}, "CalculationOrchestrator._transform_results_for_ui": {"executed_lines": [], "summary": {"covered_lines": 0, "num_statements": 4, "percent_covered": 0.0, "percent_covered_display": "0.00", "missing_lines": 4, "excluded_lines": 0}, "missing_lines": [329, 332, 350, 363], "excluded_lines": []}, "": {"executed_lines": [1, 3, 4, 6, 13, 14, 16, 19, 20, 22, 43, 107, 131, 179, 220, 321], "summary": {"covered_lines": 14, "num_statements": 14, "percent_covered": 100.0, "percent_covered_display": "100.00", "missing_lines": 0, "excluded_lines": 0}, "missing_lines": [], "excluded_lines": []}}, "classes": {"CalculationOrchestrator": {"executed_lines": [25, 26, 31, 35, 36, 39, 46, 47, 51, 87, 90, 94, 111, 113, 114, 121, 129, 135, 141, 144, 145, 147, 148, 151], "summary": {"covered_lines": 24, "num_statements": 84, "percent_covered": 28.571428571428573, "percent_covered_display": "28.57", "missing_lines": 60, "excluded_lines": 0}, "missing_lines": [112, 115, 118, 122, 125, 136, 139, 153, 154, 155, 156, 157, 161, 165, 166, 167, 168, 169, 173, 177, 181, 183, 184, 187, 191, 196, 202, 203, 205, 208, 210, 211, 212, 214, 215, 216, 218, 224, 225, 228, 229, 232, 233, 236, 237, 238, 243, 259, 264, 300, 301, 304, 308, 312, 313, 319, 329, 332, 350, 363], "excluded_lines": []}, "": {"executed_lines": [1, 3, 4, 6, 13, 14, 16, 19, 20, 22, 43, 107, 131, 179, 220, 321], "summary": {"covered_lines": 14, "num_statements": 14, "percent_covered": 100.0, "percent_covered_display": "100.00", "missing_lines": 0, "excluded_lines": 0}, "missing_lines": [], "excluded_lines": []}}}, "tco_app/ui/components.py": {"executed_lines": [1, 7, 9, 11, 13, 16], "summary": {"covered_lines": 5, "num_statements": 5, "percent_covered": 100.0, "percent_covered_display": "100.00", "missing_lines": 0, "excluded_lines": 0}, "missing_lines": [], "excluded_lines": [], "functions": {"": {"executed_lines": [1, 7, 9, 11, 13, 16], "summary": {"covered_lines": 5, "num_statements": 5, "percent_covered": 100.0, "percent_covered_display": "100.00", "missing_lines": 0, "excluded_lines": 0}, "missing_lines": [], "excluded_lines": []}}, "classes": {"": {"executed_lines": [1, 7, 9, 11, 13, 16], "summary": {"covered_lines": 5, "num_statements": 5, "percent_covered": 100.0, "percent_covered_display": "100.00", "missing_lines": 0, "excluded_lines": 0}, "missing_lines": [], "excluded_lines": []}}}, "tco_app/ui/context.py": {"executed_lines": [1, 16, 17, 19, 21, 22, 23, 25, 28], "summary": {"covered_lines": 8, "num_statements": 27, "percent_covered": 29.62962962962963, "percent_covered_display": "29.63", "missing_lines": 19, "excluded_lines": 0}, "missing_lines": [30, 33, 34, 35, 37, 40, 41, 42, 45, 46, 47, 48, 51, 52, 53, 56, 59, 60, 61], "excluded_lines": [], "functions": {"get_context": {"executed_lines": [], "summary": {"covered_lines": 0, "num_statements": 19, "percent_covered": 0.0, "percent_covered_display": "0.00", "missing_lines": 19, "excluded_lines": 0}, "missing_lines": [30, 33, 34, 35, 37, 40, 41, 42, 45, 46, 47, 48, 51, 52, 53, 56, 59, 60, 61], "excluded_lines": []}, "": {"executed_lines": [1, 16, 17, 19, 21, 22, 23, 25, 28], "summary": {"covered_lines": 8, "num_statements": 8, "percent_covered": 100.0, "percent_covered_display": "100.00", "missing_lines": 0, "excluded_lines": 0}, "missing_lines": [], "excluded_lines": []}}, "classes": {"": {"executed_lines": [1, 16, 17, 19, 21, 22, 23, 25, 28], "summary": {"covered_lines": 8, "num_statements": 27, "percent_covered": 29.62962962962963, "percent_covered_display": "29.63", "missing_lines": 19, "excluded_lines": 0}, "missing_lines": [30, 33, 34, 35, 37, 40, 41, 42, 45, 46, 47, 48, 51, 52, 53, 56, 59, 60, 61], "excluded_lines": []}}}, "tco_app/ui/context_builder.py": {"executed_lines": [1, 3, 4, 5, 7, 8, 9, 18, 19, 21, 25], "summary": {"covered_lines": 9, "num_statements": 32, "percent_covered": 28.125, "percent_covered_display": "28.12", "missing_lines": 23, "excluded_lines": 0}, "missing_lines": [22, 23, 27, 29, 30, 33, 34, 35, 38, 39, 40, 43, 51, 54, 60, 63, 64, 65, 68, 69, 70, 73, 75], "excluded_lines": [], "functions": {"ContextDirector.__init__": {"executed_lines": [], "summary": {"covered_lines": 0, "num_statements": 2, "percent_covered": 0.0, "percent_covered_display": "0.00", "missing_lines": 2, "excluded_lines": 0}, "missing_lines": [22, 23], "excluded_lines": []}, "ContextDirector.build_ui_context": {"executed_lines": [], "summary": {"covered_lines": 0, "num_statements": 21, "percent_covered": 0.0, "percent_covered_display": "0.00", "missing_lines": 21, "excluded_lines": 0}, "missing_lines": [27, 29, 30, 33, 34, 35, 38, 39, 40, 43, 51, 54, 60, 63, 64, 65, 68, 69, 70, 73, 75], "excluded_lines": []}, "": {"executed_lines": [1, 3, 4, 5, 7, 8, 9, 18, 19, 21, 25], "summary": {"covered_lines": 9, "num_statements": 9, "percent_covered": 100.0, "percent_covered_display": "100.00", "missing_lines": 0, "excluded_lines": 0}, "missing_lines": [], "excluded_lines": []}}, "classes": {"ContextDirector": {"executed_lines": [], "summary": {"covered_lines": 0, "num_statements": 23, "percent_covered": 0.0, "percent_covered_display": "0.00", "missing_lines": 23, "excluded_lines": 0}, "missing_lines": [22, 23, 27, 29, 30, 33, 34, 35, 38, 39, 40, 43, 51, 54, 60, 63, 64, 65, 68, 69, 70, 73, 75], "excluded_lines": []}, "": {"executed_lines": [1, 3, 4, 5, 7, 8, 9, 18, 19, 21, 25], "summary": {"covered_lines": 9, "num_statements": 9, "percent_covered": 100.0, "percent_covered_display": "100.00", "missing_lines": 0, "excluded_lines": 0}, "missing_lines": [], "excluded_lines": []}}}, "tco_app/ui/metric_cards.py": {"executed_lines": [1, 2, 3, 6, 38], "summary": {"covered_lines": 5, "num_statements": 46, "percent_covered": 10.869565217391305, "percent_covered_display": "10.87", "missing_lines": 41, "excluded_lines": 0}, "missing_lines": [10, 13, 14, 15, 16, 17, 18, 20, 23, 24, 25, 26, 27, 29, 42, 45, 47, 49, 50, 58, 59, 67, 68, 76, 77, 78, 79, 81, 88, 90, 92, 93, 101, 102, 103, 105, 113, 114, 116, 129, 130], "excluded_lines": [], "functions": {"display_metric_card": {"executed_lines": [], "summary": {"covered_lines": 0, "num_statements": 14, "percent_covered": 0.0, "percent_covered_display": "0.00", "missing_lines": 14, "excluded_lines": 0}, "missing_lines": [10, 13, 14, 15, 16, 17, 18, 20, 23, 24, 25, 26, 27, 29], "excluded_lines": []}, "display_comparison_metrics": {"executed_lines": [], "summary": {"covered_lines": 0, "num_statements": 27, "percent_covered": 0.0, "percent_covered_display": "0.00", "missing_lines": 27, "excluded_lines": 0}, "missing_lines": [42, 45, 47, 49, 50, 58, 59, 67, 68, 76, 77, 78, 79, 81, 88, 90, 92, 93, 101, 102, 103, 105, 113, 114, 116, 129, 130], "excluded_lines": []}, "": {"executed_lines": [1, 2, 3, 6, 38], "summary": {"covered_lines": 5, "num_statements": 5, "percent_covered": 100.0, "percent_covered_display": "100.00", "missing_lines": 0, "excluded_lines": 0}, "missing_lines": [], "excluded_lines": []}}, "classes": {"": {"executed_lines": [1, 2, 3, 6, 38], "summary": {"covered_lines": 5, "num_statements": 46, "percent_covered": 10.869565217391305, "percent_covered_display": "10.87", "missing_lines": 41, "excluded_lines": 0}, "missing_lines": [10, 13, 14, 15, 16, 17, 18, 20, 23, 24, 25, 26, 27, 29, 42, 45, 47, 49, 50, 58, 59, 67, 68, 76, 77, 78, 79, 81, 88, 90, 92, 93, 101, 102, 103, 105, 113, 114, 116, 129, 130], "excluded_lines": []}}}, "tco_app/ui/pages/__init__.py": {"executed_lines": [1], "summary": {"covered_lines": 0, "num_statements": 0, "percent_covered": 100.0, "percent_covered_display": "100.00", "missing_lines": 0, "excluded_lines": 0}, "missing_lines": [], "excluded_lines": [], "functions": {"": {"executed_lines": [1], "summary": {"covered_lines": 0, "num_statements": 0, "percent_covered": 100.0, "percent_covered_display": "100.00", "missing_lines": 0, "excluded_lines": 0}, "missing_lines": [], "excluded_lines": []}}, "classes": {"": {"executed_lines": [1], "summary": {"covered_lines": 0, "num_statements": 0, "percent_covered": 100.0, "percent_covered_display": "100.00", "missing_lines": 0, "excluded_lines": 0}, "missing_lines": [], "excluded_lines": []}}}, "tco_app/ui/pages/cost_breakdown.py": {"executed_lines": [1, 3, 4, 9, 12, 13, 14, 15, 16, 18, 19, 20, 23, 29, 30, 31, 32, 33, 34, 38, 42, 46, 47, 51, 55, 62, 63, 64, 65, 69, 73, 74, 78, 83, 84, 87], "summary": {"covered_lines": 36, "num_statements": 40, "percent_covered": 90.0, "percent_covered_display": "90.00", "missing_lines": 4, "excluded_lines": 0}, "missing_lines": [24, 25, 26, 56], "excluded_lines": [], "functions": {"render": {"executed_lines": [13, 14, 15, 16, 18, 19, 20, 23, 29, 30, 31, 32, 33, 34, 38, 42, 46, 47, 51, 55, 62, 63, 64, 65, 69, 73, 74, 78, 83, 84, 87], "summary": {"covered_lines": 31, "num_statements": 35, "percent_covered": 88.57142857142857, "percent_covered_display": "88.57", "missing_lines": 4, "excluded_lines": 0}, "missing_lines": [24, 25, 26, 56], "excluded_lines": []}, "": {"executed_lines": [1, 3, 4, 9, 12], "summary": {"covered_lines": 5, "num_statements": 5, "percent_covered": 100.0, "percent_covered_display": "100.00", "missing_lines": 0, "excluded_lines": 0}, "missing_lines": [], "excluded_lines": []}}, "classes": {"": {"executed_lines": [1, 3, 4, 9, 12, 13, 14, 15, 16, 18, 19, 20, 23, 29, 30, 31, 32, 33, 34, 38, 42, 46, 47, 51, 55, 62, 63, 64, 65, 69, 73, 74, 78, 83, 84, 87], "summary": {"covered_lines": 36, "num_statements": 40, "percent_covered": 90.0, "percent_covered_display": "90.00", "missing_lines": 4, "excluded_lines": 0}, "missing_lines": [24, 25, 26, 56], "excluded_lines": []}}}, "tco_app/ui/pages/home.py": {"executed_lines": [1, 7, 8, 14, 16, 17, 18, 19, 21, 22, 24], "summary": {"covered_lines": 11, "num_statements": 11, "percent_covered": 100.0, "percent_covered_display": "100.00", "missing_lines": 0, "excluded_lines": 0}, "missing_lines": [], "excluded_lines": [], "functions": {"render": {"executed_lines": [16, 17, 18, 19, 21, 22, 24], "summary": {"covered_lines": 7, "num_statements": 7, "percent_covered": 100.0, "percent_covered_display": "100.00", "missing_lines": 0, "excluded_lines": 0}, "missing_lines": [], "excluded_lines": []}, "": {"executed_lines": [1, 7, 8, 14], "summary": {"covered_lines": 4, "num_statements": 4, "percent_covered": 100.0, "percent_covered_display": "100.00", "missing_lines": 0, "excluded_lines": 0}, "missing_lines": [], "excluded_lines": []}}, "classes": {"": {"executed_lines": [1, 7, 8, 14, 16, 17, 18, 19, 21, 22, 24], "summary": {"covered_lines": 11, "num_statements": 11, "percent_covered": 100.0, "percent_covered_display": "100.00", "missing_lines": 0, "excluded_lines": 0}, "missing_lines": [], "excluded_lines": []}}}, "tco_app/ui/pages/sensitivity.py": {"executed_lines": [1, 2, 4, 5, 6, 12, 13, 14, 15, 16, 17, 18, 19, 20, 21, 22, 23, 24, 25, 26, 27, 28, 29, 30, 31, 32, 33, 34, 36, 37, 41, 53, 54, 56, 80, 81, 82, 83, 84, 85, 148, 149, 172, 179], "summary": {"covered_lines": 44, "num_statements": 96, "percent_covered": 45.833333333333336, "percent_covered_display": "45.83", "missing_lines": 52, "excluded_lines": 0}, "missing_lines": [57, 58, 59, 60, 62, 68, 74, 86, 87, 88, 89, 93, 94, 95, 96, 97, 98, 99, 100, 101, 102, 104, 109, 113, 114, 117, 120, 121, 122, 124, 125, 126, 127, 128, 129, 130, 131, 132, 133, 134, 135, 136, 137, 138, 139, 140, 141, 142, 143, 144, 145, 146], "excluded_lines": [], "functions": {"render": {"executed_lines": [13, 14, 15, 16, 17, 18, 19, 20, 21, 22, 23, 24, 25, 26, 27, 28, 29, 30, 31, 32, 33, 34, 36, 37, 41, 53, 54, 56, 80, 81, 82, 83, 84, 85, 148, 149, 172, 179], "summary": {"covered_lines": 38, "num_statements": 90, "percent_covered": 42.22222222222222, "percent_covered_display": "42.22", "missing_lines": 52, "excluded_lines": 0}, "missing_lines": [57, 58, 59, 60, 62, 68, 74, 86, 87, 88, 89, 93, 94, 95, 96, 97, 98, 99, 100, 101, 102, 104, 109, 113, 114, 117, 120, 121, 122, 124, 125, 126, 127, 128, 129, 130, 131, 132, 133, 134, 135, 136, 137, 138, 139, 140, 141, 142, 143, 144, 145, 146], "excluded_lines": []}, "": {"executed_lines": [1, 2, 4, 5, 6, 12], "summary": {"covered_lines": 6, "num_statements": 6, "percent_covered": 100.0, "percent_covered_display": "100.00", "missing_lines": 0, "excluded_lines": 0}, "missing_lines": [], "excluded_lines": []}}, "classes": {"": {"executed_lines": [1, 2, 4, 5, 6, 12, 13, 14, 15, 16, 17, 18, 19, 20, 21, 22, 23, 24, 25, 26, 27, 28, 29, 30, 31, 32, 33, 34, 36, 37, 41, 53, 54, 56, 80, 81, 82, 83, 84, 85, 148, 149, 172, 179], "summary": {"covered_lines": 44, "num_statements": 96, "percent_covered": 45.833333333333336, "percent_covered_display": "45.83", "missing_lines": 52, "excluded_lines": 0}, "missing_lines": [57, 58, 59, 60, 62, 68, 74, 86, 87, 88, 89, 93, 94, 95, 96, 97, 98, 99, 100, 101, 102, 104, 109, 113, 114, 117, 120, 121, 122, 124, 125, 126, 127, 128, 129, 130, 131, 132, 133, 134, 135, 136, 137, 138, 139, 140, 141, 142, 143, 144, 145, 146], "excluded_lines": []}}}, "tco_app/ui/summary_displays.py": {"executed_lines": [1, 2, 3, 4, 7], "summary": {"covered_lines": 5, "num_statements": 41, "percent_covered": 12.195121951219512, "percent_covered_display": "12.20", "missing_lines": 36, "excluded_lines": 0}, "missing_lines": [11, 17, 18, 19, 21, 22, 23, 27, 28, 33, 35, 36, 37, 42, 43, 46, 51, 52, 53, 54, 55, 56, 57, 59, 60, 61, 66, 67, 70, 75, 76, 77, 78, 79, 80, 83], "excluded_lines": [], "functions": {"display_summary_metrics": {"executed_lines": [], "summary": {"covered_lines": 0, "num_statements": 36, "percent_covered": 0.0, "percent_covered_display": "0.00", "missing_lines": 36, "excluded_lines": 0}, "missing_lines": [11, 17, 18, 19, 21, 22, 23, 27, 28, 33, 35, 36, 37, 42, 43, 46, 51, 52, 53, 54, 55, 56, 57, 59, 60, 61, 66, 67, 70, 75, 76, 77, 78, 79, 80, 83], "excluded_lines": []}, "": {"executed_lines": [1, 2, 3, 4, 7], "summary": {"covered_lines": 5, "num_statements": 5, "percent_covered": 100.0, "percent_covered_display": "100.00", "missing_lines": 0, "excluded_lines": 0}, "missing_lines": [], "excluded_lines": []}}, "classes": {"": {"executed_lines": [1, 2, 3, 4, 7], "summary": {"covered_lines": 5, "num_statements": 41, "percent_covered": 12.195121951219512, "percent_covered_display": "12.20", "missing_lines": 36, "excluded_lines": 0}, "missing_lines": [11, 17, 18, 19, 21, 22, 23, 27, 28, 33, 35, 36, 37, 42, 43, 46, 51, 52, 53, 54, 55, 56, 57, 59, 60, 61, 66, 67, 70, 75, 76, 77, 78, 79, 80, 83], "excluded_lines": []}}}}, "totals": {"covered_lines": 1498, "num_statements": 2259, "percent_covered": 66.31252766710934, "percent_covered_display": "66.31", "missing_lines": 761, "excluded_lines": 8}}